::1 - GET /__vite_ping HTTP/1.1 200 7759 - 33.112 ms
::1 - GET /welcome HTTP/1.1 200 7759 - 2.060 ms
::1 - GET /config.js HTTP/1.1 304 - - 2.302 ms
::ffff:127.0.0.1 - GET /css/chunk-vendors.9912c9ce.css HTTP/1.1 304 - - 3.027 ms
::1 - GET /css/index.c8350060.css HTTP/1.1 304 - - 4.004 ms
::1 - GET /js/chunk-vendors.ae2cf7a7.js HTTP/1.1 304 - - 0.979 ms
::1 - GET /js/index.1b5b15cb.js HTTP/1.1 304 - - 2.053 ms
::1 - GET /css/chunk-012ed0e6.230030e9.css HTTP/1.1 304 - - 0.649 ms
::1 - GET /css/chunk-08d74588.123bdb1f.css HTTP/1.1 304 - - 2.999 ms
::1 - GET /css/chunk-12194a25.84118ba7.css HTTP/1.1 304 - - 0.910 ms
::1 - GET /css/chunk-14557120.27f8ec70.css HTTP/1.1 304 - - 0.760 ms
::1 - GET /css/chunk-152b655f.bb6ff651.css HTTP/1.1 304 - - 0.834 ms
::1 - GET /logo.png HTTP/1.1 304 - - 0.790 ms
::1 - GET /css/chunk-332b6904.826b0917.css HTTP/1.1 304 - - 0.731 ms
::1 - GET /css/chunk-5a0cd13d.49d6632d.css HTTP/1.1 304 - - 0.923 ms
::1 - GET /js/chunk-5a0cd13d.02d5d80b.js HTTP/1.1 304 - - 1.243 ms
::1 - GET /css/chunk-34a00b1a.aea3ec03.css HTTP/1.1 304 - - 0.781 ms
::1 - GET /css/chunk-3724587e.fe2c70c8.css HTTP/1.1 304 - - 0.918 ms
::1 - GET /css/chunk-41a252bc.d1d76372.css HTTP/1.1 304 - - 0.666 ms
::1 - GET /css/chunk-443effbc.c64a57b4.css HTTP/1.1 304 - - 0.596 ms
::1 - GET /css/chunk-45e0c06a.a3ff5d41.css HTTP/1.1 304 - - 0.664 ms
::1 - GET /css/chunk-46d2ca3c.e0b20bd5.css HTTP/1.1 304 - - 1.325 ms
::1 - GET /css/chunk-4dab55dd.7700f957.css HTTP/1.1 304 - - 0.582 ms
::1 - GET /css/chunk-4dc66e5b.94b98788.css HTTP/1.1 304 - - 1.158 ms
::1 - GET /css/chunk-59c4e4fb.d11799f9.css HTTP/1.1 304 - - 1.389 ms
::1 - GET /css/chunk-5a0cd13d.49d6632d.css HTTP/1.1 304 - - 0.493 ms
::1 - GET /css/chunk-65d10cdc.aeeb1a91.css HTTP/1.1 304 - - 0.652 ms
::1 - GET /css/chunk-725ab1bd.ac0d53fa.css HTTP/1.1 304 - - 0.712 ms
::1 - GET /css/chunk-7ff57720.eea2c59b.css HTTP/1.1 304 - - 0.598 ms
::ffff:127.0.0.1 - GET /logo.png HTTP/1.1 304 - - 1.928 ms
::ffff:127.0.0.1 - GET /css/chunk-85a580da.fdf86cee.css HTTP/1.1 304 - - 0.741 ms
::1 - GET /css/chunk-8c4adfd8.8a64c4a4.css HTTP/1.1 304 - - 0.529 ms
::1 - GET /css/chunk-92f4af2e.60f5db53.css HTTP/1.1 304 - - 0.526 ms
::1 - GET /css/chunk-b375671a.a6ca9291.css HTTP/1.1 304 - - 0.666 ms
::1 - GET /css/chunk-c96d273c.88bb6caf.css HTTP/1.1 304 - - 1.034 ms
::ffff:127.0.0.1 - GET /css/chunk-cd362ca8.fe037963.css HTTP/1.1 304 - - 0.814 ms
::ffff:127.0.0.1 - GET /css/chunk-ce059820.772664ef.css HTTP/1.1 304 - - 0.611 ms
::ffff:127.0.0.1 - GET /css/chunk-e38acdf2.2c477193.css HTTP/1.1 304 - - 0.867 ms
::1 - GET /css/user.26be6dee.css HTTP/1.1 304 - - 0.630 ms
::1 - GET /js/chunk-012ed0e6.adbaf05c.js HTTP/1.1 304 - - 1.077 ms
::ffff:127.0.0.1 - GET /js/chunk-08d74588.e49fedf3.js HTTP/1.1 304 - - 0.824 ms
::ffff:127.0.0.1 - GET /js/chunk-10b51204.61e1f196.js HTTP/1.1 304 - - 0.962 ms
::1 - GET /js/chunk-12194a25.d3c768af.js HTTP/1.1 304 - - 1.281 ms
::1 - GET /js/chunk-14557120.4c0b6a8a.js HTTP/1.1 304 - - 1.968 ms
::1 - GET /js/chunk-152b655f.8cd5c0ba.js HTTP/1.1 304 - - 1.151 ms
::1 - GET /js/chunk-332b6904.14b7c180.js HTTP/1.1 304 - - 0.890 ms
::1 - GET /js/chunk-34a00b1a.52fd90d9.js HTTP/1.1 304 - - 0.737 ms
::1 - GET /js/chunk-3724587e.ed2775e9.js HTTP/1.1 304 - - 0.673 ms
::1 - GET /js/chunk-41a252bc.3ff4eb33.js HTTP/1.1 304 - - 0.634 ms
::1 - GET /js/chunk-443effbc.035ad518.js HTTP/1.1 304 - - 0.542 ms
::1 - GET /js/chunk-45e0c06a.218da002.js HTTP/1.1 304 - - 1.608 ms
::1 - GET /js/chunk-46d2ca3c.775c5ddd.js HTTP/1.1 304 - - 1.170 ms
::1 - GET /js/chunk-4dab55dd.38338053.js HTTP/1.1 304 - - 0.712 ms
::1 - GET /js/chunk-4dc66e5b.1ff30d52.js HTTP/1.1 304 - - 0.567 ms
::1 - GET /js/chunk-59c4e4fb.cc06b845.js HTTP/1.1 304 - - 2.661 ms
::1 - GET /js/chunk-5a0cd13d.02d5d80b.js HTTP/1.1 304 - - 1.356 ms
::1 - GET /js/chunk-65d10cdc.ba3a9738.js HTTP/1.1 304 - - 0.786 ms
::1 - GET /js/chunk-725ab1bd.89ff26ee.js HTTP/1.1 304 - - 0.714 ms
::1 - GET /js/chunk-7ff57720.854ea6dc.js HTTP/1.1 304 - - 3.393 ms
::1 - GET /js/chunk-85a580da.31f9947c.js HTTP/1.1 304 - - 0.593 ms
::1 - GET /js/chunk-8c4adfd8.cd084037.js HTTP/1.1 304 - - 1.299 ms
::1 - GET /js/chunk-92f4af2e.0a21e196.js HTTP/1.1 304 - - 0.833 ms
::1 - GET /js/chunk-b375671a.2480cc35.js HTTP/1.1 304 - - 0.643 ms
::1 - GET /js/chunk-c96d273c.27a38fdd.js HTTP/1.1 304 - - 0.680 ms
::1 - GET /js/chunk-cd362ca8.b335ae2e.js HTTP/1.1 304 - - 0.582 ms
::1 - GET /js/chunk-ce059820.c37981f1.js HTTP/1.1 304 - - 4.556 ms
::1 - GET /js/chunk-e38acdf2.49ca5c18.js HTTP/1.1 304 - - 0.912 ms
::1 - GET /js/chunk-e6c4958e.17e3daa2.js HTTP/1.1 304 - - 0.936 ms
::1 - GET /js/chunk-eac41bdc.ca4181f7.js HTTP/1.1 304 - - 0.951 ms
::1 - GET /js/lang-zh-CN-account-settings.f8f25eaf.js HTTP/1.1 304 - - 0.641 ms
::1 - GET /js/lang-zh-CN-account.7918313a.js HTTP/1.1 304 - - 0.554 ms
::1 - GET /js/lang-zh-CN-dashboard-analysis.af6b3faa.js HTTP/1.1 304 - - 0.587 ms
::1 - GET /js/lang-zh-CN-dashboard.6bdaa16f.js HTTP/1.1 304 - - 1.331 ms
::1 - GET /js/lang-zh-CN-form-basicForm.ff3088ac.js HTTP/1.1 304 - - 1.269 ms
::1 - GET /js/lang-zh-CN-form.660342d2.js HTTP/1.1 304 - - 0.650 ms
::1 - GET /js/lang-zh-CN-global.bf0df5c8.js HTTP/1.1 304 - - 0.583 ms
::1 - GET /js/lang-zh-CN-menu.ebfccc83.js HTTP/1.1 304 - - 1.446 ms
::1 - GET /js/lang-zh-CN-result-fail.232762aa.js HTTP/1.1 304 - - 0.886 ms
::1 - GET /js/lang-zh-CN-result-success.3519c60c.js HTTP/1.1 304 - - 3.445 ms
::1 - GET /js/lang-zh-CN-result.01aae775.js HTTP/1.1 304 - - 0.653 ms
::1 - GET /js/lang-zh-CN-setting.8c2ce690.js HTTP/1.1 304 - - 1.372 ms
::1 - GET /js/lang-zh-CN-user.84a7d7e3.js HTTP/1.1 304 - - 0.615 ms
::1 - GET /js/lang-zh-CN.c2297c4c.js HTTP/1.1 304 - - 3.624 ms
::1 - GET /js/user.29c129e6.js HTTP/1.1 304 - - 0.908 ms
::1 - GET / HTTP/1.1 200 7759 - 1.347 ms
::1 - GET /config.js HTTP/1.1 304 - - 1.551 ms
::1 - GET /css/chunk-vendors.9912c9ce.css HTTP/1.1 304 - - 1.344 ms
::1 - GET /js/index.1b5b15cb.js HTTP/1.1 304 - - 2.312 ms
::1 - GET /css/index.c8350060.css HTTP/1.1 304 - - 2.966 ms
::1 - GET /js/chunk-vendors.ae2cf7a7.js HTTP/1.1 304 - - 2.979 ms
::1 - GET /css/chunk-012ed0e6.230030e9.css HTTP/1.1 304 - - 1.513 ms
::1 - GET /css/chunk-08d74588.123bdb1f.css HTTP/1.1 304 - - 2.789 ms
::1 - GET /css/chunk-12194a25.84118ba7.css HTTP/1.1 304 - - 4.864 ms
::1 - GET /css/chunk-14557120.27f8ec70.css HTTP/1.1 304 - - 5.344 ms
::1 - GET /css/chunk-34a00b1a.aea3ec03.css HTTP/1.1 304 - - 6.415 ms
::1 - GET /css/chunk-152b655f.bb6ff651.css HTTP/1.1 304 - - 1.304 ms
::1 - GET /css/chunk-332b6904.826b0917.css HTTP/1.1 304 - - 1.190 ms
::1 - GET /css/chunk-3724587e.fe2c70c8.css HTTP/1.1 304 - - 2.714 ms
::1 - GET /css/chunk-41a252bc.d1d76372.css HTTP/1.1 304 - - 2.677 ms
::1 - GET /css/chunk-443effbc.c64a57b4.css HTTP/1.1 304 - - 2.665 ms
::1 - GET /css/chunk-45e0c06a.a3ff5d41.css HTTP/1.1 304 - - 2.178 ms
::1 - GET /css/chunk-46d2ca3c.e0b20bd5.css HTTP/1.1 304 - - 2.241 ms
::1 - GET /css/chunk-4dab55dd.7700f957.css HTTP/1.1 304 - - 2.465 ms
::1 - GET /css/chunk-4dc66e5b.94b98788.css HTTP/1.1 304 - - 0.605 ms
::1 - GET /css/chunk-59c4e4fb.d11799f9.css HTTP/1.1 304 - - 0.746 ms
::1 - GET /css/chunk-5a0cd13d.49d6632d.css HTTP/1.1 304 - - 1.197 ms
::1 - GET /css/chunk-65d10cdc.aeeb1a91.css HTTP/1.1 304 - - 1.550 ms
::1 - GET /css/chunk-725ab1bd.ac0d53fa.css HTTP/1.1 304 - - 1.088 ms
::1 - GET /css/chunk-7ff57720.eea2c59b.css HTTP/1.1 304 - - 1.032 ms
::1 - GET /css/chunk-85a580da.fdf86cee.css HTTP/1.1 304 - - 1.867 ms
::1 - GET /css/chunk-8c4adfd8.8a64c4a4.css HTTP/1.1 304 - - 3.919 ms
::1 - GET /css/chunk-92f4af2e.60f5db53.css HTTP/1.1 304 - - 3.222 ms
::1 - GET /css/chunk-b375671a.a6ca9291.css HTTP/1.1 304 - - 3.171 ms
::1 - GET /css/chunk-c96d273c.88bb6caf.css HTTP/1.1 304 - - 3.038 ms
::1 - GET /css/chunk-cd362ca8.fe037963.css HTTP/1.1 304 - - 4.229 ms
::1 - GET /css/chunk-ce059820.772664ef.css HTTP/1.1 304 - - 2.733 ms
::1 - GET /css/chunk-e38acdf2.2c477193.css HTTP/1.1 304 - - 4.179 ms
::1 - GET /css/user.26be6dee.css HTTP/1.1 304 - - 3.921 ms
::1 - GET /js/chunk-012ed0e6.adbaf05c.js HTTP/1.1 304 - - 3.842 ms
::1 - GET /js/chunk-08d74588.e49fedf3.js HTTP/1.1 304 - - 3.789 ms
::1 - GET /js/chunk-10b51204.61e1f196.js HTTP/1.1 304 - - 1.928 ms
::1 - GET /js/chunk-12194a25.d3c768af.js HTTP/1.1 304 - - 0.486 ms
::1 - GET /js/chunk-14557120.4c0b6a8a.js HTTP/1.1 304 - - 2.050 ms
::1 - GET /js/chunk-152b655f.8cd5c0ba.js HTTP/1.1 304 - - 2.106 ms
::1 - GET /js/chunk-332b6904.14b7c180.js HTTP/1.1 304 - - 2.617 ms
::1 - GET /js/chunk-34a00b1a.52fd90d9.js HTTP/1.1 304 - - 1.247 ms
::1 - GET /js/chunk-3724587e.ed2775e9.js HTTP/1.1 304 - - 0.705 ms
::1 - GET /js/chunk-41a252bc.3ff4eb33.js HTTP/1.1 304 - - 0.919 ms
::1 - GET /js/chunk-443effbc.035ad518.js HTTP/1.1 304 - - 0.749 ms
::1 - GET /js/chunk-45e0c06a.218da002.js HTTP/1.1 304 - - 0.473 ms
::1 - GET /js/chunk-46d2ca3c.775c5ddd.js HTTP/1.1 304 - - 0.702 ms
::1 - GET /js/chunk-4dab55dd.38338053.js HTTP/1.1 304 - - 0.671 ms
::1 - GET /js/chunk-4dc66e5b.1ff30d52.js HTTP/1.1 304 - - 0.797 ms
::1 - GET /js/chunk-59c4e4fb.cc06b845.js HTTP/1.1 304 - - 1.214 ms
::1 - GET /js/chunk-5a0cd13d.02d5d80b.js HTTP/1.1 304 - - 0.542 ms
::1 - GET /js/chunk-65d10cdc.ba3a9738.js HTTP/1.1 304 - - 0.425 ms
::1 - GET /js/chunk-725ab1bd.89ff26ee.js HTTP/1.1 304 - - 2.066 ms
::1 - GET /js/chunk-7ff57720.854ea6dc.js HTTP/1.1 304 - - 1.322 ms
::1 - GET /js/chunk-85a580da.31f9947c.js HTTP/1.1 304 - - 1.251 ms
::1 - GET /js/chunk-8c4adfd8.cd084037.js HTTP/1.1 304 - - 1.220 ms
::1 - GET /js/chunk-92f4af2e.0a21e196.js HTTP/1.1 304 - - 0.755 ms
::1 - GET /js/chunk-b375671a.2480cc35.js HTTP/1.1 304 - - 0.724 ms
::1 - GET /js/chunk-c96d273c.27a38fdd.js HTTP/1.1 304 - - 0.655 ms
::1 - GET /js/chunk-cd362ca8.b335ae2e.js HTTP/1.1 304 - - 1.049 ms
::1 - GET /js/chunk-ce059820.c37981f1.js HTTP/1.1 304 - - 1.002 ms
::1 - GET /js/chunk-e38acdf2.49ca5c18.js HTTP/1.1 304 - - 1.292 ms
::1 - GET /js/chunk-e6c4958e.17e3daa2.js HTTP/1.1 304 - - 1.178 ms
::1 - GET /js/chunk-eac41bdc.ca4181f7.js HTTP/1.1 304 - - 0.772 ms
::1 - GET /js/lang-zh-CN-account-settings.f8f25eaf.js HTTP/1.1 304 - - 0.511 ms
::1 - GET /js/lang-zh-CN-account.7918313a.js HTTP/1.1 304 - - 1.155 ms
::1 - GET /js/lang-zh-CN-dashboard-analysis.af6b3faa.js HTTP/1.1 304 - - 0.630 ms
::1 - GET /js/lang-zh-CN-dashboard.6bdaa16f.js HTTP/1.1 304 - - 0.696 ms
::1 - GET /js/lang-zh-CN-form-basicForm.ff3088ac.js HTTP/1.1 304 - - 0.786 ms
::1 - GET /js/lang-zh-CN-form.660342d2.js HTTP/1.1 304 - - 0.477 ms
::1 - GET /js/lang-zh-CN-global.bf0df5c8.js HTTP/1.1 304 - - 0.862 ms
::1 - GET /js/lang-zh-CN-menu.ebfccc83.js HTTP/1.1 304 - - 1.568 ms
::1 - GET /js/lang-zh-CN-result-fail.232762aa.js HTTP/1.1 304 - - 1.203 ms
::1 - GET /js/lang-zh-CN-result-success.3519c60c.js HTTP/1.1 304 - - 1.182 ms
::1 - GET /js/lang-zh-CN-result.01aae775.js HTTP/1.1 304 - - 0.582 ms
::1 - GET /js/lang-zh-CN-setting.8c2ce690.js HTTP/1.1 304 - - 0.663 ms
::1 - GET /js/lang-zh-CN-user.84a7d7e3.js HTTP/1.1 304 - - 1.293 ms
::1 - GET /js/lang-zh-CN.c2297c4c.js HTTP/1.1 304 - - 1.146 ms
::1 - GET /js/user.29c129e6.js HTTP/1.1 304 - - 1.250 ms
::1 - GET /logo.png HTTP/1.1 304 - - 0.578 ms
::1 - GET /assets/logo.b269e1b4.svg HTTP/1.1 200 225 - 0.923 ms
::1 - POST /wa/scrm/contacts/list HTTP/1.1 404 1023 - 1960.350 ms
::1 - GET /wa/scrm/replyreminder/getOvertimeNotice HTTP/1.1 404 968 - 33.018 ms
::1 - GET /wa/scrm/management/queryAgentByName?username= HTTP/1.1 404 968 - 40.785 ms
::1 - GET /wa/scrm/webSocketConnect/info?userName=chentao&t=1676455004625 HTTP/1.1 200 7759 - 41.355 ms
::1 - GET /wa/scrm/webSocketConnect/114/4q0v20kn/websocket?userName=chentao HTTP/1.1 404 968 - 15.030 ms
::1 - POST /wa/scrm/webSocketConnect/114/03y3iqdh/xhr_streaming?userName=chentao&t=1676455006642 HTTP/1.1 404 1023 - 11.108 ms
::1 - GET /wa/scrm/webSocketConnect/114/nzjsaqzy/eventsource?userName=chentao HTTP/1.1 404 968 - 6.292 ms
::1 - GET /wa/scrm/webSocketConnect/iframe.html?userName=chentao HTTP/1.1 404 968 - 11.018 ms
::1 - GET /stylesheets/style.css HTTP/1.1 404 968 - 9.532 ms
::1 - GET /wa/scrm/webSocketConnect/114/omalz54l/htmlfile?userName=chentao&c=_jp.a5whb1g HTTP/1.1 200 7759 - 1.191 ms
::1 - GET /config.js HTTP/1.1 304 - - 0.958 ms
::1 - GET /css/chunk-vendors.9912c9ce.css HTTP/1.1 304 - - 1.771 ms
::1 - GET /css/index.c8350060.css HTTP/1.1 304 - - 1.280 ms
::1 - GET /js/chunk-vendors.ae2cf7a7.js HTTP/1.1 304 - - 1.601 ms
::1 - GET /js/index.1b5b15cb.js HTTP/1.1 304 - - 1.091 ms
::1 - GET /css/chunk-012ed0e6.230030e9.css HTTP/1.1 304 - - 0.872 ms
::1 - GET /css/chunk-08d74588.123bdb1f.css HTTP/1.1 304 - - 1.121 ms
::1 - GET /css/chunk-12194a25.84118ba7.css HTTP/1.1 304 - - 1.801 ms
::1 - GET /css/chunk-14557120.27f8ec70.css HTTP/1.1 304 - - 1.740 ms
::1 - GET /css/chunk-152b655f.bb6ff651.css HTTP/1.1 304 - - 1.169 ms
::1 - GET /css/chunk-332b6904.826b0917.css HTTP/1.1 304 - - 2.527 ms
::1 - GET /css/chunk-34a00b1a.aea3ec03.css HTTP/1.1 304 - - 0.667 ms
::1 - GET /css/chunk-3724587e.fe2c70c8.css HTTP/1.1 304 - - 0.723 ms
::1 - GET /css/chunk-41a252bc.d1d76372.css HTTP/1.1 304 - - 2.590 ms
::1 - GET /css/chunk-443effbc.c64a57b4.css HTTP/1.1 304 - - 2.624 ms
::1 - GET /css/chunk-45e0c06a.a3ff5d41.css HTTP/1.1 304 - - 2.008 ms
::1 - GET /css/chunk-46d2ca3c.e0b20bd5.css HTTP/1.1 304 - - 2.080 ms
::1 - GET /css/chunk-4dab55dd.7700f957.css HTTP/1.1 304 - - 2.023 ms
::1 - GET /css/chunk-4dc66e5b.94b98788.css HTTP/1.1 304 - - 1.959 ms
::1 - GET /css/chunk-59c4e4fb.d11799f9.css HTTP/1.1 304 - - 2.383 ms
::1 - GET /css/chunk-5a0cd13d.49d6632d.css HTTP/1.1 304 - - 2.293 ms
::1 - GET /css/chunk-65d10cdc.aeeb1a91.css HTTP/1.1 304 - - 2.341 ms
::1 - GET /css/chunk-725ab1bd.ac0d53fa.css HTTP/1.1 304 - - 2.446 ms
::1 - GET /css/chunk-7ff57720.eea2c59b.css HTTP/1.1 304 - - 2.493 ms
::1 - GET /css/chunk-85a580da.fdf86cee.css HTTP/1.1 304 - - 1.284 ms
::1 - GET /css/chunk-8c4adfd8.8a64c4a4.css HTTP/1.1 304 - - 3.904 ms
::1 - GET /css/chunk-b375671a.a6ca9291.css HTTP/1.1 304 - - 2.047 ms
::1 - GET /css/chunk-c96d273c.88bb6caf.css HTTP/1.1 304 - - 1.902 ms
::1 - GET /css/chunk-92f4af2e.60f5db53.css HTTP/1.1 304 - - 2.085 ms
::1 - GET /css/chunk-cd362ca8.fe037963.css HTTP/1.1 304 - - 1.165 ms
::1 - GET /css/chunk-ce059820.772664ef.css HTTP/1.1 304 - - 1.080 ms
::1 - GET /css/chunk-e38acdf2.2c477193.css HTTP/1.1 304 - - 0.725 ms
::1 - GET /css/user.26be6dee.css HTTP/1.1 304 - - 0.731 ms
::1 - GET /js/chunk-012ed0e6.adbaf05c.js HTTP/1.1 304 - - 0.785 ms
::1 - GET /js/chunk-08d74588.e49fedf3.js HTTP/1.1 304 - - 2.365 ms
::1 - GET /js/chunk-10b51204.61e1f196.js HTTP/1.1 304 - - 2.357 ms
::1 - GET /js/chunk-12194a25.d3c768af.js HTTP/1.1 304 - - 5.232 ms
::1 - GET /js/chunk-14557120.4c0b6a8a.js HTTP/1.1 304 - - 3.604 ms
::1 - GET /js/chunk-152b655f.8cd5c0ba.js HTTP/1.1 304 - - 3.259 ms
::1 - GET /js/chunk-332b6904.14b7c180.js HTTP/1.1 304 - - 3.748 ms
::1 - GET /js/chunk-34a00b1a.52fd90d9.js HTTP/1.1 304 - - 1.328 ms
::1 - GET /js/chunk-3724587e.ed2775e9.js HTTP/1.1 304 - - 1.274 ms
::1 - GET /js/chunk-41a252bc.3ff4eb33.js HTTP/1.1 304 - - 1.988 ms
::1 - GET /js/chunk-443effbc.035ad518.js HTTP/1.1 304 - - 2.558 ms
::1 - GET /js/chunk-45e0c06a.218da002.js HTTP/1.1 304 - - 4.050 ms
::1 - GET /js/chunk-46d2ca3c.775c5ddd.js HTTP/1.1 304 - - 1.438 ms
::1 - GET /js/chunk-4dab55dd.38338053.js HTTP/1.1 304 - - 2.009 ms
::1 - GET /js/chunk-4dc66e5b.1ff30d52.js HTTP/1.1 304 - - 2.605 ms
::1 - GET /js/chunk-59c4e4fb.cc06b845.js HTTP/1.1 304 - - 2.006 ms
::1 - GET /js/chunk-5a0cd13d.02d5d80b.js HTTP/1.1 304 - - 1.898 ms
::1 - GET /js/chunk-65d10cdc.ba3a9738.js HTTP/1.1 304 - - 4.614 ms
::1 - GET /js/chunk-725ab1bd.89ff26ee.js HTTP/1.1 304 - - 5.169 ms
::1 - GET /js/chunk-7ff57720.854ea6dc.js HTTP/1.1 304 - - 0.964 ms
::1 - GET /js/chunk-85a580da.31f9947c.js HTTP/1.1 304 - - 1.239 ms
::1 - GET /js/chunk-8c4adfd8.cd084037.js HTTP/1.1 304 - - 1.045 ms
::1 - GET /js/chunk-92f4af2e.0a21e196.js HTTP/1.1 304 - - 0.512 ms
::1 - GET /js/chunk-b375671a.2480cc35.js HTTP/1.1 304 - - 1.359 ms
::1 - GET /js/chunk-c96d273c.27a38fdd.js HTTP/1.1 304 - - 1.477 ms
::1 - GET /js/chunk-cd362ca8.b335ae2e.js HTTP/1.1 304 - - 2.514 ms
::1 - GET /js/chunk-ce059820.c37981f1.js HTTP/1.1 304 - - 1.514 ms
::1 - GET /js/chunk-e38acdf2.49ca5c18.js HTTP/1.1 304 - - 2.093 ms
::1 - GET /js/chunk-e6c4958e.17e3daa2.js HTTP/1.1 304 - - 0.910 ms
::1 - GET /js/chunk-eac41bdc.ca4181f7.js HTTP/1.1 304 - - 3.966 ms
::1 - GET /js/lang-zh-CN-account-settings.f8f25eaf.js HTTP/1.1 304 - - 2.922 ms
::1 - GET /js/lang-zh-CN-account.7918313a.js HTTP/1.1 304 - - 1.690 ms
::1 - GET /js/lang-zh-CN-dashboard-analysis.af6b3faa.js HTTP/1.1 304 - - 1.605 ms
::1 - GET /js/lang-zh-CN-dashboard.6bdaa16f.js HTTP/1.1 304 - - 2.657 ms
::1 - GET /js/lang-zh-CN-form-basicForm.ff3088ac.js HTTP/1.1 304 - - 4.618 ms
::1 - GET /js/lang-zh-CN-form.660342d2.js HTTP/1.1 304 - - 2.164 ms
::1 - GET /js/lang-zh-CN-global.bf0df5c8.js HTTP/1.1 304 - - 4.496 ms
::1 - GET /js/lang-zh-CN-menu.ebfccc83.js HTTP/1.1 304 - - 2.867 ms
::1 - GET /js/lang-zh-CN-result-fail.232762aa.js HTTP/1.1 304 - - 2.593 ms
::1 - GET /js/lang-zh-CN-result-success.3519c60c.js HTTP/1.1 304 - - 2.308 ms
::1 - GET /js/lang-zh-CN-result.01aae775.js HTTP/1.1 304 - - 0.812 ms
::1 - GET /js/lang-zh-CN-setting.8c2ce690.js HTTP/1.1 304 - - 0.824 ms
::1 - GET /js/lang-zh-CN-user.84a7d7e3.js HTTP/1.1 304 - - 0.816 ms
::1 - GET /js/lang-zh-CN.c2297c4c.js HTTP/1.1 304 - - 0.713 ms
::1 - GET /js/user.29c129e6.js HTTP/1.1 304 - - 0.926 ms
::1 - GET /logo.png HTTP/1.1 304 - - 0.464 ms
::1 - GET /wa/scrm/webSocketConnect/iframe.html?userName=chentao HTTP/1.1 404 968 - 9.210 ms
::1 - GET /stylesheets/style.css HTTP/1.1 404 968 - 10.792 ms
::1 - POST /wa/scrm/webSocketConnect/114/o04rqbaw/xhr?userName=chentao&t=1676455013474 HTTP/1.1 404 1023 - 8.934 ms
::1 - GET /wa/scrm/webSocketConnect/iframe.html?userName=chentao HTTP/1.1 404 968 - 5.072 ms
::1 - GET /stylesheets/style.css HTTP/1.1 404 968 - 4.633 ms
::1 - GET /wa/scrm/webSocketConnect/114/uxgyq4fg/jsonp?userName=chentao&c=_jp.akq0nwb HTTP/1.1 200 7759 - 10.402 ms
::1 - GET /wa/scrm/webSocketConnect/info?userName=chentao&t=1676455016581 HTTP/1.1 200 7759 - 1.006 ms
::1 - GET /wa/scrm/webSocketConnect/654/osyzd2hd/websocket?userName=chentao HTTP/1.1 404 968 - 5.962 ms
::1 - POST /wa/scrm/webSocketConnect/654/q3er3k1r/xhr_streaming?userName=chentao&t=1676455016595 HTTP/1.1 404 1023 - 9.025 ms
::1 - GET /wa/scrm/webSocketConnect/654/sx1fl0l5/eventsource?userName=chentao HTTP/1.1 404 968 - 6.639 ms
::1 - GET /wa/scrm/webSocketConnect/iframe.html?userName=chentao HTTP/1.1 404 968 - 5.659 ms
::1 - GET /stylesheets/style.css HTTP/1.1 404 968 - 3.459 ms
::1 - GET /wa/scrm/webSocketConnect/654/k2bysnh3/htmlfile?userName=chentao&c=_jp.asxqoc4 HTTP/1.1 200 7759 - 3.077 ms
::1 - GET /wa/scrm/webSocketConnect/iframe.html?userName=chentao HTTP/1.1 404 968 - 7.770 ms
::1 - POST /wa/scrm/webSocketConnect/654/hoy3i31k/xhr?userName=chentao&t=1676455017249 HTTP/1.1 404 1023 - 4.048 ms
::1 - GET /wa/scrm/webSocketConnect/iframe.html?userName=chentao HTTP/1.1 404 968 - 4.752 ms
::1 - GET /stylesheets/style.css HTTP/1.1 404 968 - 2.958 ms
::1 - GET /wa/scrm/webSocketConnect/654/awjmqn0t/jsonp?userName=chentao&c=_jp.a1124kc HTTP/1.1 200 7759 - 4.311 ms
::1 - GET /wa/scrm/webSocketConnect/info?userName=chentao&t=1676455018755 HTTP/1.1 200 7759 - 1.620 ms
::1 - GET /wa/scrm/webSocketConnect/415/bo0ktodb/websocket?userName=chentao HTTP/1.1 404 968 - 6.798 ms
::1 - POST /wa/scrm/webSocketConnect/415/lhfsmirw/xhr_streaming?userName=chentao&t=1676455018774 HTTP/1.1 404 1023 - 5.232 ms
::1 - GET /wa/scrm/webSocketConnect/415/1vrkj3po/eventsource?userName=chentao HTTP/1.1 404 968 - 3.991 ms
::1 - GET /wa/scrm/webSocketConnect/iframe.html?userName=chentao HTTP/1.1 404 968 - 4.692 ms
::1 - GET /stylesheets/style.css HTTP/1.1 404 968 - 4.346 ms
::1 - GET /wa/scrm/webSocketConnect/415/g4d4t4dq/htmlfile?userName=chentao&c=_jp.aigcdbo HTTP/1.1 200 7759 - 0.988 ms
::1 - GET /wa/scrm/webSocketConnect/iframe.html?userName=chentao HTTP/1.1 404 968 - 4.109 ms
::1 - POST /wa/scrm/webSocketConnect/415/x1ehtqf3/xhr?userName=chentao&t=1676455019398 HTTP/1.1 404 1023 - 2.841 ms
::1 - GET /wa/scrm/webSocketConnect/iframe.html?userName=chentao HTTP/1.1 404 968 - 4.336 ms
::1 - GET /stylesheets/style.css HTTP/1.1 404 968 - 3.996 ms
::1 - GET /wa/scrm/webSocketConnect/415/hyfeg3se/jsonp?userName=chentao&c=_jp.ahlqlsy HTTP/1.1 200 7759 - 1.032 ms
::1 - GET /wa/scrm/webSocketConnect/info?userName=chentao&t=1676455020919 HTTP/1.1 200 7759 - 0.891 ms
::1 - GET /wa/scrm/webSocketConnect/125/pm1udxqn/websocket?userName=chentao HTTP/1.1 404 968 - 2.853 ms
::1 - POST /wa/scrm/webSocketConnect/125/dsfnz0z0/xhr_streaming?userName=chentao&t=1676455020928 HTTP/1.1 404 1023 - 4.106 ms
::1 - GET /wa/scrm/webSocketConnect/125/jsejrtp3/eventsource?userName=chentao HTTP/1.1 404 968 - 4.243 ms
::1 - GET /wa/scrm/webSocketConnect/iframe.html?userName=chentao HTTP/1.1 404 968 - 5.239 ms
::1 - GET /stylesheets/style.css HTTP/1.1 404 968 - 5.590 ms
::1 - POST /wa/scrm/webSocketConnect/125/pp3sz5ib/xhr?userName=chentao&t=1676455021548 HTTP/1.1 404 1023 - 3.241 ms
::1 - GET /wa/scrm/webSocketConnect/iframe.html?userName=chentao HTTP/1.1 404 968 - 3.700 ms
::1 - GET /stylesheets/style.css HTTP/1.1 404 968 - 3.665 ms
::1 - GET /wa/scrm/webSocketConnect/125/g424k4bd/jsonp?userName=chentao&c=_jp.atoyoxl HTTP/1.1 200 7759 - 1.442 ms
::1 - GET /wa/scrm/webSocketConnect/info?userName=chentao&t=1676455023073 HTTP/1.1 200 7759 - 1.459 ms
::1 - GET /wa/scrm/webSocketConnect/238/g3rplftx/websocket?userName=chentao HTTP/1.1 404 968 - 7.831 ms
::1 - POST /wa/scrm/webSocketConnect/238/k3obzet3/xhr_streaming?userName=chentao&t=1676455023092 HTTP/1.1 404 1023 - 4.381 ms
::1 - GET /wa/scrm/webSocketConnect/238/4hlwubwc/eventsource?userName=chentao HTTP/1.1 404 968 - 3.080 ms
::1 - GET /wa/scrm/webSocketConnect/iframe.html?userName=chentao HTTP/1.1 404 968 - 3.539 ms
::1 - GET /stylesheets/style.css HTTP/1.1 404 968 - 3.883 ms
::1 - GET /wa/scrm/webSocketConnect/238/pqbebig0/htmlfile?userName=chentao&c=_jp.aspeese HTTP/1.1 200 7759 - 0.897 ms
::1 - GET /wa/scrm/webSocketConnect/iframe.html?userName=chentao HTTP/1.1 404 968 - 6.214 ms
::1 - POST /wa/scrm/webSocketConnect/238/sptb1g4q/xhr?userName=chentao&t=1676455023726 HTTP/1.1 404 1023 - 2.756 ms
::1 - GET /wa/scrm/webSocketConnect/iframe.html?userName=chentao HTTP/1.1 404 968 - 3.774 ms
::1 - GET /stylesheets/style.css HTTP/1.1 404 968 - 3.912 ms
::1 - GET /wa/scrm/webSocketConnect/238/sfrn3r35/jsonp?userName=chentao&c=_jp.aft0cmm HTTP/1.1 200 7759 - 0.625 ms
