::1 - GET /user/login HTTP/1.1 304 - - 12.076 ms
::1 - GET /config.js HTTP/1.1 304 - - 1.145 ms
::1 - GET /js/chunk-vendors.ae2cf7a7.js HTTP/1.1 304 - - 2.861 ms
::1 - GET /js/index.1b5b15cb.js HTTP/1.1 304 - - 2.664 ms
::1 - GET /css/chunk-vendors.9912c9ce.css HTTP/1.1 304 - - 2.598 ms
::1 - GET /css/index.c8350060.css HTTP/1.1 304 - - 2.516 ms
::1 - GET /css/chunk-012ed0e6.230030e9.css HTTP/1.1 304 - - 0.980 ms
::1 - GET /css/chunk-08d74588.123bdb1f.css HTTP/1.1 304 - - 1.619 ms
::1 - GET /css/chunk-12194a25.84118ba7.css HTTP/1.1 304 - - 1.816 ms
::1 - GET /css/chunk-34a00b1a.aea3ec03.css HTTP/1.1 304 - - 1.063 ms
::1 - GET /css/chunk-332b6904.826b0917.css HTTP/1.1 304 - - 0.952 ms
::1 - GET /css/chunk-152b655f.bb6ff651.css HTTP/1.1 304 - - 1.793 ms
::1 - GET /css/chunk-14557120.27f8ec70.css HTTP/1.1 304 - - 1.188 ms
::1 - GET /css/chunk-3724587e.fe2c70c8.css HTTP/1.1 304 - - 0.808 ms
::1 - GET /css/chunk-41a252bc.d1d76372.css HTTP/1.1 304 - - 8.611 ms
::1 - GET /css/chunk-443effbc.c64a57b4.css HTTP/1.1 304 - - 5.918 ms
::1 - GET /css/chunk-45e0c06a.a3ff5d41.css HTTP/1.1 304 - - 5.158 ms
::1 - GET /css/chunk-46d2ca3c.e0b20bd5.css HTTP/1.1 304 - - 4.495 ms
::1 - GET /css/chunk-4dab55dd.7700f957.css HTTP/1.1 304 - - 3.762 ms
::1 - GET /css/chunk-4dc66e5b.94b98788.css HTTP/1.1 304 - - 3.268 ms
::1 - GET /css/chunk-5a0cd13d.49d6632d.css HTTP/1.1 304 - - 0.885 ms
::1 - GET /css/chunk-59c4e4fb.d11799f9.css HTTP/1.1 304 - - 5.490 ms
::1 - GET /css/chunk-65d10cdc.aeeb1a91.css HTTP/1.1 304 - - 4.878 ms
::1 - GET /css/chunk-725ab1bd.ac0d53fa.css HTTP/1.1 304 - - 4.761 ms
::1 - GET /css/chunk-85a580da.fdf86cee.css HTTP/1.1 304 - - 2.109 ms
::1 - GET /css/chunk-8c4adfd8.8a64c4a4.css HTTP/1.1 304 - - 1.536 ms
::1 - GET /css/chunk-92f4af2e.60f5db53.css HTTP/1.1 304 - - 0.912 ms
::1 - GET /css/chunk-b375671a.a6ca9291.css HTTP/1.1 304 - - 0.706 ms
::1 - GET /css/chunk-ce059820.772664ef.css HTTP/1.1 304 - - 0.551 ms
::1 - GET /css/chunk-7ff57720.eea2c59b.css HTTP/1.1 304 - - 12.829 ms
::1 - GET /css/chunk-e38acdf2.2c477193.css HTTP/1.1 304 - - 1.079 ms
::1 - GET /css/chunk-c96d273c.88bb6caf.css HTTP/1.1 304 - - 0.825 ms
::1 - GET /css/chunk-cd362ca8.fe037963.css HTTP/1.1 304 - - 2.718 ms
::1 - GET /js/chunk-012ed0e6.adbaf05c.js HTTP/1.1 304 - - 1.416 ms
::1 - GET /js/chunk-08d74588.e49fedf3.js HTTP/1.1 304 - - 1.431 ms
::1 - GET /css/user.26be6dee.css HTTP/1.1 304 - - 0.952 ms
::1 - GET /js/chunk-10b51204.61e1f196.js HTTP/1.1 304 - - 1.117 ms
::1 - GET /js/chunk-12194a25.d3c768af.js HTTP/1.1 304 - - 2.661 ms
::1 - GET /js/chunk-14557120.4c0b6a8a.js HTTP/1.1 304 - - 2.587 ms
::1 - GET /js/chunk-152b655f.8cd5c0ba.js HTTP/1.1 304 - - 1.943 ms
::1 - GET /js/chunk-332b6904.14b7c180.js HTTP/1.1 304 - - 1.841 ms
::1 - GET /js/chunk-34a00b1a.52fd90d9.js HTTP/1.1 304 - - 1.949 ms
::1 - GET /js/chunk-3724587e.ed2775e9.js HTTP/1.1 304 - - 1.886 ms
::1 - GET /js/chunk-443effbc.035ad518.js HTTP/1.1 304 - - 1.871 ms
::1 - GET /js/chunk-41a252bc.3ff4eb33.js HTTP/1.1 304 - - 1.847 ms
::1 - GET /js/chunk-45e0c06a.218da002.js HTTP/1.1 304 - - 1.766 ms
::1 - GET /js/chunk-46d2ca3c.775c5ddd.js HTTP/1.1 304 - - 1.748 ms
::1 - GET /js/chunk-4dab55dd.38338053.js HTTP/1.1 304 - - 4.665 ms
::1 - GET /js/chunk-59c4e4fb.cc06b845.js HTTP/1.1 304 - - 1.075 ms
::1 - GET /js/chunk-4dc66e5b.1ff30d52.js HTTP/1.1 304 - - 2.667 ms
::1 - GET /js/chunk-5a0cd13d.02d5d80b.js HTTP/1.1 304 - - 1.715 ms
::1 - GET /js/chunk-65d10cdc.ba3a9738.js HTTP/1.1 304 - - 1.910 ms
::1 - GET /js/chunk-725ab1bd.89ff26ee.js HTTP/1.1 304 - - 3.067 ms
::1 - GET /js/chunk-7ff57720.854ea6dc.js HTTP/1.1 304 - - 6.923 ms
::1 - GET /js/chunk-85a580da.31f9947c.js HTTP/1.1 304 - - 2.675 ms
::1 - GET /js/chunk-8c4adfd8.cd084037.js HTTP/1.1 304 - - 2.772 ms
::1 - GET /js/chunk-92f4af2e.0a21e196.js HTTP/1.1 304 - - 2.796 ms
::1 - GET /js/chunk-b375671a.2480cc35.js HTTP/1.1 304 - - 0.919 ms
::1 - GET /js/chunk-c96d273c.27a38fdd.js HTTP/1.1 304 - - 1.936 ms
::1 - GET /js/chunk-ce059820.c37981f1.js HTTP/1.1 304 - - 0.595 ms
::1 - GET /js/chunk-cd362ca8.b335ae2e.js HTTP/1.1 304 - - 0.714 ms
::1 - GET /js/chunk-e6c4958e.17e3daa2.js HTTP/1.1 304 - - 1.235 ms
::1 - GET /js/chunk-e38acdf2.49ca5c18.js HTTP/1.1 304 - - 2.297 ms
::1 - GET /js/chunk-eac41bdc.ca4181f7.js HTTP/1.1 304 - - 2.596 ms
::1 - GET /js/lang-zh-CN-account-settings.f8f25eaf.js HTTP/1.1 304 - - 0.583 ms
::1 - GET /js/lang-zh-CN-account.7918313a.js HTTP/1.1 304 - - 1.449 ms
::1 - GET /js/lang-zh-CN-dashboard-analysis.af6b3faa.js HTTP/1.1 304 - - 2.216 ms
::1 - GET /js/lang-zh-CN-dashboard.6bdaa16f.js HTTP/1.1 304 - - 0.669 ms
::1 - GET /js/lang-zh-CN-form.660342d2.js HTTP/1.1 304 - - 0.667 ms
::1 - GET /js/lang-zh-CN-form-basicForm.ff3088ac.js HTTP/1.1 304 - - 1.673 ms
::1 - GET /js/lang-zh-CN-global.bf0df5c8.js HTTP/1.1 304 - - 1.570 ms
::1 - GET /js/lang-zh-CN-menu.ebfccc83.js HTTP/1.1 304 - - 0.536 ms
::1 - GET /js/lang-zh-CN-result-fail.232762aa.js HTTP/1.1 304 - - 0.732 ms
::1 - GET /js/lang-zh-CN-result-success.3519c60c.js HTTP/1.1 304 - - 1.075 ms
::1 - GET /js/lang-zh-CN-result.01aae775.js HTTP/1.1 304 - - 1.163 ms
::1 - GET /js/lang-zh-CN-setting.8c2ce690.js HTTP/1.1 304 - - 0.688 ms
::1 - GET /js/lang-zh-CN-user.84a7d7e3.js HTTP/1.1 304 - - 0.996 ms
::1 - GET /js/lang-zh-CN.c2297c4c.js HTTP/1.1 304 - - 1.114 ms
::1 - GET /js/user.29c129e6.js HTTP/1.1 304 - - 0.993 ms
::1 - GET /logo.png HTTP/1.1 304 - - 0.717 ms
::1 - POST /wa/scrm/management/login HTTP/1.1 404 1023 - 1494.098 ms
::ffff:127.0.0.1 - GET /user/login HTTP/1.1 304 - - 5.966 ms
::ffff:127.0.0.1 - GET /config.js HTTP/1.1 304 - - 8.444 ms
::ffff:127.0.0.1 - GET /css/chunk-vendors.9912c9ce.css HTTP/1.1 304 - - 7.022 ms
::1 - GET /css/index.c8350060.css HTTP/1.1 304 - - 3.711 ms
::1 - GET /js/chunk-vendors.ae2cf7a7.js HTTP/1.1 304 - - 3.656 ms
::ffff:127.0.0.1 - GET /js/index.1b5b15cb.js HTTP/1.1 304 - - 0.854 ms
::ffff:127.0.0.1 - GET /css/chunk-012ed0e6.230030e9.css HTTP/1.1 304 - - 1.186 ms
::1 - GET /css/chunk-08d74588.123bdb1f.css HTTP/1.1 304 - - 1.586 ms
::1 - GET /css/chunk-12194a25.84118ba7.css HTTP/1.1 304 - - 1.046 ms
::ffff:127.0.0.1 - GET /css/chunk-14557120.27f8ec70.css HTTP/1.1 304 - - 2.830 ms
::1 - GET /css/chunk-152b655f.bb6ff651.css HTTP/1.1 304 - - 1.411 ms
::1 - GET /css/chunk-332b6904.826b0917.css HTTP/1.1 304 - - 1.542 ms
::ffff:127.0.0.1 - GET /css/chunk-34a00b1a.aea3ec03.css HTTP/1.1 304 - - 2.405 ms
::ffff:127.0.0.1 - GET /css/chunk-3724587e.fe2c70c8.css HTTP/1.1 304 - - 1.780 ms
::1 - GET /css/chunk-41a252bc.d1d76372.css HTTP/1.1 304 - - 1.024 ms
::ffff:127.0.0.1 - GET /css/chunk-443effbc.c64a57b4.css HTTP/1.1 304 - - 7.135 ms
::ffff:127.0.0.1 - GET /css/chunk-45e0c06a.a3ff5d41.css HTTP/1.1 304 - - 2.584 ms
::1 - GET /css/chunk-46d2ca3c.e0b20bd5.css HTTP/1.1 304 - - 0.968 ms
::ffff:127.0.0.1 - GET /css/chunk-4dab55dd.7700f957.css HTTP/1.1 304 - - 1.152 ms
::ffff:127.0.0.1 - GET /css/chunk-4dc66e5b.94b98788.css HTTP/1.1 304 - - 1.502 ms
::1 - GET /css/chunk-59c4e4fb.d11799f9.css HTTP/1.1 304 - - 6.657 ms
::ffff:127.0.0.1 - GET /css/chunk-5a0cd13d.49d6632d.css HTTP/1.1 304 - - 6.997 ms
::ffff:127.0.0.1 - GET /css/chunk-65d10cdc.aeeb1a91.css HTTP/1.1 304 - - 3.941 ms
::1 - GET /css/chunk-725ab1bd.ac0d53fa.css HTTP/1.1 304 - - 3.915 ms
::1 - GET /css/chunk-7ff57720.eea2c59b.css HTTP/1.1 304 - - 3.205 ms
::1 - GET /css/chunk-85a580da.fdf86cee.css HTTP/1.1 304 - - 1.501 ms
::ffff:127.0.0.1 - GET /css/chunk-8c4adfd8.8a64c4a4.css HTTP/1.1 304 - - 2.938 ms
::1 - GET /css/chunk-92f4af2e.60f5db53.css HTTP/1.1 304 - - 0.976 ms
::ffff:127.0.0.1 - GET /css/chunk-b375671a.a6ca9291.css HTTP/1.1 304 - - 0.563 ms
::1 - GET /css/chunk-c96d273c.88bb6caf.css HTTP/1.1 304 - - 0.810 ms
::1 - GET /css/chunk-cd362ca8.fe037963.css HTTP/1.1 304 - - 1.492 ms
::1 - GET /css/chunk-ce059820.772664ef.css HTTP/1.1 304 - - 0.597 ms
::1 - GET /css/chunk-e38acdf2.2c477193.css HTTP/1.1 304 - - 0.558 ms
::1 - GET /css/user.26be6dee.css HTTP/1.1 304 - - 0.791 ms
::1 - GET /js/chunk-012ed0e6.adbaf05c.js HTTP/1.1 304 - - 1.149 ms
::1 - GET /js/chunk-08d74588.e49fedf3.js HTTP/1.1 304 - - 1.047 ms
::ffff:127.0.0.1 - GET /js/chunk-10b51204.61e1f196.js HTTP/1.1 304 - - 0.987 ms
::1 - GET /js/chunk-12194a25.d3c768af.js HTTP/1.1 304 - - 0.772 ms
::ffff:127.0.0.1 - GET /js/chunk-14557120.4c0b6a8a.js HTTP/1.1 304 - - 0.967 ms
::ffff:127.0.0.1 - GET /js/chunk-152b655f.8cd5c0ba.js HTTP/1.1 304 - - 1.500 ms
::ffff:127.0.0.1 - GET /js/chunk-332b6904.14b7c180.js HTTP/1.1 304 - - 1.026 ms
::ffff:127.0.0.1 - GET /js/chunk-34a00b1a.52fd90d9.js HTTP/1.1 304 - - 0.902 ms
::1 - GET /js/chunk-3724587e.ed2775e9.js HTTP/1.1 304 - - 1.418 ms
::1 - GET /js/chunk-41a252bc.3ff4eb33.js HTTP/1.1 304 - - 1.380 ms
::ffff:127.0.0.1 - GET /js/chunk-443effbc.035ad518.js HTTP/1.1 304 - - 1.055 ms
::1 - GET /js/chunk-45e0c06a.218da002.js HTTP/1.1 304 - - 3.054 ms
::ffff:127.0.0.1 - GET /js/chunk-46d2ca3c.775c5ddd.js HTTP/1.1 304 - - 3.081 ms
::1 - GET /js/chunk-4dab55dd.38338053.js HTTP/1.1 304 - - 2.117 ms
::ffff:127.0.0.1 - GET /js/chunk-4dc66e5b.1ff30d52.js HTTP/1.1 304 - - 1.889 ms
::ffff:127.0.0.1 - GET /js/chunk-59c4e4fb.cc06b845.js HTTP/1.1 304 - - 1.156 ms
::1 - GET /js/chunk-5a0cd13d.02d5d80b.js HTTP/1.1 304 - - 1.108 ms
::1 - GET /js/chunk-65d10cdc.ba3a9738.js HTTP/1.1 304 - - 1.101 ms
::ffff:127.0.0.1 - GET /js/chunk-725ab1bd.89ff26ee.js HTTP/1.1 304 - - 0.589 ms
::1 - GET /js/chunk-7ff57720.854ea6dc.js HTTP/1.1 304 - - 2.003 ms
::ffff:127.0.0.1 - GET /js/chunk-85a580da.31f9947c.js HTTP/1.1 304 - - 1.840 ms
::1 - GET /js/chunk-8c4adfd8.cd084037.js HTTP/1.1 304 - - 1.720 ms
::ffff:127.0.0.1 - GET /js/chunk-92f4af2e.0a21e196.js HTTP/1.1 304 - - 1.650 ms
::1 - GET /js/chunk-b375671a.2480cc35.js HTTP/1.1 304 - - 1.593 ms
::1 - GET /js/chunk-c96d273c.27a38fdd.js HTTP/1.1 304 - - 0.449 ms
::1 - GET /js/chunk-cd362ca8.b335ae2e.js HTTP/1.1 304 - - 0.488 ms
::1 - GET /js/chunk-ce059820.c37981f1.js HTTP/1.1 304 - - 0.905 ms
::ffff:127.0.0.1 - GET /js/chunk-e38acdf2.49ca5c18.js HTTP/1.1 304 - - 0.954 ms
::1 - GET /js/chunk-e6c4958e.17e3daa2.js HTTP/1.1 304 - - 1.874 ms
::ffff:127.0.0.1 - GET /js/chunk-eac41bdc.ca4181f7.js HTTP/1.1 304 - - 1.797 ms
::ffff:127.0.0.1 - GET /js/lang-zh-CN-account-settings.f8f25eaf.js HTTP/1.1 304 - - 0.424 ms
::1 - GET /js/lang-zh-CN-account.7918313a.js HTTP/1.1 304 - - 0.739 ms
::ffff:127.0.0.1 - GET /js/lang-zh-CN-dashboard-analysis.af6b3faa.js HTTP/1.1 304 - - 0.712 ms
::ffff:127.0.0.1 - GET /js/lang-zh-CN-dashboard.6bdaa16f.js HTTP/1.1 304 - - 0.456 ms
::1 - GET /js/lang-zh-CN-form-basicForm.ff3088ac.js HTTP/1.1 304 - - 0.964 ms
::ffff:127.0.0.1 - GET /js/lang-zh-CN-form.660342d2.js HTTP/1.1 304 - - 1.299 ms
::ffff:127.0.0.1 - GET /js/lang-zh-CN-global.bf0df5c8.js HTTP/1.1 304 - - 0.424 ms
::1 - GET /js/lang-zh-CN-menu.ebfccc83.js HTTP/1.1 304 - - 0.939 ms
::ffff:127.0.0.1 - GET /js/lang-zh-CN-result-fail.232762aa.js HTTP/1.1 304 - - 0.986 ms
::1 - GET /js/lang-zh-CN-result-success.3519c60c.js HTTP/1.1 304 - - 1.000 ms
::1 - GET /js/lang-zh-CN-result.01aae775.js HTTP/1.1 304 - - 1.073 ms
::ffff:127.0.0.1 - GET /js/lang-zh-CN-setting.8c2ce690.js HTTP/1.1 304 - - 1.083 ms
::1 - GET /js/lang-zh-CN-user.84a7d7e3.js HTTP/1.1 304 - - 1.535 ms
::ffff:127.0.0.1 - GET /js/lang-zh-CN.c2297c4c.js HTTP/1.1 304 - - 1.103 ms
::1 - GET /js/user.29c129e6.js HTTP/1.1 304 - - 0.783 ms
::1 - GET /logo.png HTTP/1.1 304 - - 0.757 ms
::1 - GET /logo.png HTTP/1.1 304 - - 0.428 ms
::1 - POST /wa/scrm/management/login HTTP/1.1 404 1023 - 307.456 ms
::1 - GET /user/login HTTP/1.1 304 - - 10.270 ms
::1 - GET /config.js HTTP/1.1 304 - - 2.267 ms
::1 - GET /css/chunk-vendors.9912c9ce.css HTTP/1.1 304 - - 3.752 ms
::1 - GET /css/index.c8350060.css HTTP/1.1 304 - - 3.570 ms
::1 - GET /js/chunk-vendors.ae2cf7a7.js HTTP/1.1 304 - - 1.864 ms
::1 - GET /js/index.1b5b15cb.js HTTP/1.1 304 - - 0.829 ms
::1 - GET /css/chunk-012ed0e6.230030e9.css HTTP/1.1 304 - - 1.477 ms
::1 - GET /css/chunk-08d74588.123bdb1f.css HTTP/1.1 304 - - 1.435 ms
::1 - GET /css/chunk-12194a25.84118ba7.css HTTP/1.1 304 - - 2.384 ms
::1 - GET /css/chunk-14557120.27f8ec70.css HTTP/1.1 304 - - 2.705 ms
::1 - GET /css/chunk-152b655f.bb6ff651.css HTTP/1.1 304 - - 3.586 ms
::1 - GET /css/chunk-332b6904.826b0917.css HTTP/1.1 304 - - 3.234 ms
::1 - GET /css/chunk-34a00b1a.aea3ec03.css HTTP/1.1 304 - - 4.035 ms
::1 - GET /css/chunk-3724587e.fe2c70c8.css HTTP/1.1 304 - - 5.311 ms
::1 - GET /css/chunk-41a252bc.d1d76372.css HTTP/1.1 304 - - 0.491 ms
::1 - GET /css/chunk-443effbc.c64a57b4.css HTTP/1.1 304 - - 0.873 ms
::1 - GET /css/chunk-45e0c06a.a3ff5d41.css HTTP/1.1 304 - - 0.557 ms
::1 - GET /css/chunk-46d2ca3c.e0b20bd5.css HTTP/1.1 304 - - 0.745 ms
::1 - GET /css/chunk-4dab55dd.7700f957.css HTTP/1.1 304 - - 3.514 ms
::1 - GET /css/chunk-4dc66e5b.94b98788.css HTTP/1.1 304 - - 1.479 ms
::1 - GET /css/chunk-59c4e4fb.d11799f9.css HTTP/1.1 304 - - 0.583 ms
::1 - GET /css/chunk-5a0cd13d.49d6632d.css HTTP/1.1 304 - - 0.717 ms
::1 - GET /css/chunk-65d10cdc.aeeb1a91.css HTTP/1.1 304 - - 2.985 ms
::1 - GET /css/chunk-725ab1bd.ac0d53fa.css HTTP/1.1 304 - - 7.579 ms
::1 - GET /css/chunk-7ff57720.eea2c59b.css HTTP/1.1 304 - - 9.041 ms
::1 - GET /css/chunk-85a580da.fdf86cee.css HTTP/1.1 304 - - 9.445 ms
::1 - GET /css/chunk-8c4adfd8.8a64c4a4.css HTTP/1.1 304 - - 1.163 ms
::1 - GET /css/chunk-92f4af2e.60f5db53.css HTTP/1.1 304 - - 0.655 ms
::1 - GET /css/chunk-b375671a.a6ca9291.css HTTP/1.1 304 - - 1.266 ms
::1 - GET /css/chunk-c96d273c.88bb6caf.css HTTP/1.1 304 - - 1.339 ms
::1 - GET /css/chunk-cd362ca8.fe037963.css HTTP/1.1 304 - - 2.620 ms
::1 - GET /css/chunk-ce059820.772664ef.css HTTP/1.1 304 - - 1.836 ms
::1 - GET /css/chunk-e38acdf2.2c477193.css HTTP/1.1 304 - - 1.943 ms
::1 - GET /css/user.26be6dee.css HTTP/1.1 304 - - 1.770 ms
::1 - GET /js/chunk-012ed0e6.adbaf05c.js HTTP/1.1 304 - - 0.405 ms
::1 - GET /js/chunk-08d74588.e49fedf3.js HTTP/1.1 304 - - 0.423 ms
::1 - GET /js/chunk-10b51204.61e1f196.js HTTP/1.1 304 - - 3.073 ms
::1 - GET /js/chunk-12194a25.d3c768af.js HTTP/1.1 304 - - 3.610 ms
::1 - GET /js/chunk-14557120.4c0b6a8a.js HTTP/1.1 304 - - 4.765 ms
::1 - GET /js/chunk-152b655f.8cd5c0ba.js HTTP/1.1 304 - - 1.484 ms
::1 - GET /js/chunk-332b6904.14b7c180.js HTTP/1.1 304 - - 1.140 ms
::1 - GET /js/chunk-34a00b1a.52fd90d9.js HTTP/1.1 304 - - 0.567 ms
::1 - GET /js/chunk-3724587e.ed2775e9.js HTTP/1.1 304 - - 2.281 ms
::1 - GET /js/chunk-41a252bc.3ff4eb33.js HTTP/1.1 304 - - 2.007 ms
::1 - GET /js/chunk-443effbc.035ad518.js HTTP/1.1 304 - - 0.840 ms
::1 - GET /js/chunk-45e0c06a.218da002.js HTTP/1.1 304 - - 5.313 ms
::1 - GET /js/chunk-46d2ca3c.775c5ddd.js HTTP/1.1 304 - - 5.427 ms
::1 - GET /js/chunk-4dab55dd.38338053.js HTTP/1.1 304 - - 1.402 ms
::1 - GET /js/chunk-4dc66e5b.1ff30d52.js HTTP/1.1 304 - - 3.876 ms
::1 - GET /js/chunk-59c4e4fb.cc06b845.js HTTP/1.1 304 - - 7.870 ms
::1 - GET /js/chunk-5a0cd13d.02d5d80b.js HTTP/1.1 304 - - 7.281 ms
::1 - GET /js/chunk-65d10cdc.ba3a9738.js HTTP/1.1 304 - - 2.428 ms
::1 - GET /js/chunk-725ab1bd.89ff26ee.js HTTP/1.1 304 - - 1.010 ms
::1 - GET /js/chunk-7ff57720.854ea6dc.js HTTP/1.1 304 - - 0.994 ms
::1 - GET /js/chunk-85a580da.31f9947c.js HTTP/1.1 304 - - 4.239 ms
::1 - GET /js/chunk-8c4adfd8.cd084037.js HTTP/1.1 304 - - 3.371 ms
::1 - GET /js/chunk-92f4af2e.0a21e196.js HTTP/1.1 304 - - 2.344 ms
::1 - GET /js/chunk-b375671a.2480cc35.js HTTP/1.1 304 - - 0.781 ms
::1 - GET /js/chunk-c96d273c.27a38fdd.js HTTP/1.1 304 - - 0.880 ms
::1 - GET /js/chunk-cd362ca8.b335ae2e.js HTTP/1.1 304 - - 2.418 ms
::1 - GET /js/chunk-ce059820.c37981f1.js HTTP/1.1 304 - - 3.272 ms
::1 - GET /js/chunk-e6c4958e.17e3daa2.js HTTP/1.1 304 - - 3.283 ms
::1 - GET /js/chunk-e38acdf2.49ca5c18.js HTTP/1.1 304 - - 4.026 ms
::1 - GET /js/chunk-eac41bdc.ca4181f7.js HTTP/1.1 304 - - 1.807 ms
::1 - GET /js/lang-zh-CN-account-settings.f8f25eaf.js HTTP/1.1 304 - - 0.478 ms
::1 - GET /js/lang-zh-CN-account.7918313a.js HTTP/1.1 304 - - 1.535 ms
::1 - GET /js/lang-zh-CN-dashboard-analysis.af6b3faa.js HTTP/1.1 304 - - 0.447 ms
::1 - GET /js/lang-zh-CN-dashboard.6bdaa16f.js HTTP/1.1 304 - - 3.119 ms
::1 - GET /js/lang-zh-CN-form-basicForm.ff3088ac.js HTTP/1.1 304 - - 2.433 ms
::1 - GET /js/lang-zh-CN-form.660342d2.js HTTP/1.1 304 - - 7.689 ms
::1 - GET /js/lang-zh-CN-global.bf0df5c8.js HTTP/1.1 304 - - 2.719 ms
::1 - GET /js/lang-zh-CN-menu.ebfccc83.js HTTP/1.1 304 - - 0.790 ms
::1 - GET /js/lang-zh-CN-result-fail.232762aa.js HTTP/1.1 304 - - 0.558 ms
::1 - GET /js/lang-zh-CN-result-success.3519c60c.js HTTP/1.1 304 - - 3.279 ms
::1 - GET /js/lang-zh-CN-result.01aae775.js HTTP/1.1 304 - - 3.315 ms
::1 - GET /js/lang-zh-CN-setting.8c2ce690.js HTTP/1.1 304 - - 3.068 ms
::1 - GET /js/lang-zh-CN-user.84a7d7e3.js HTTP/1.1 304 - - 5.027 ms
::1 - GET /js/lang-zh-CN.c2297c4c.js HTTP/1.1 304 - - 5.063 ms
::1 - GET /js/user.29c129e6.js HTTP/1.1 304 - - 2.635 ms
::1 - GET /logo.png HTTP/1.1 304 - - 0.585 ms
::1 - GET /logo.png HTTP/1.1 304 - - 1.744 ms
::1 - GET /wa/scrm/management/getUserInfo HTTP/1.1 404 968 - 295.011 ms
::1 - GET /wa/scrm/management/logout?0=111 HTTP/1.1 404 968 - 15.091 ms
::1 - GET /user/login?redirect=%2F HTTP/1.1 200 7759 - 32.957 ms
::1 - GET /config.js HTTP/1.1 304 - - 7.240 ms
::1 - GET /css/chunk-vendors.9912c9ce.css HTTP/1.1 304 - - 5.510 ms
::1 - GET /css/index.c8350060.css HTTP/1.1 304 - - 1.909 ms
::1 - GET /js/chunk-vendors.ae2cf7a7.js HTTP/1.1 304 - - 1.915 ms
::1 - GET /js/index.1b5b15cb.js HTTP/1.1 304 - - 1.466 ms
::1 - GET /css/chunk-012ed0e6.230030e9.css HTTP/1.1 304 - - 0.950 ms
::1 - GET /css/chunk-08d74588.123bdb1f.css HTTP/1.1 304 - - 0.814 ms
::1 - GET /css/chunk-12194a25.84118ba7.css HTTP/1.1 304 - - 6.572 ms
::1 - GET /css/chunk-152b655f.bb6ff651.css HTTP/1.1 304 - - 1.190 ms
::1 - GET /css/chunk-14557120.27f8ec70.css HTTP/1.1 304 - - 4.034 ms
::1 - GET /css/chunk-332b6904.826b0917.css HTTP/1.1 304 - - 1.416 ms
::1 - GET /css/chunk-34a00b1a.aea3ec03.css HTTP/1.1 304 - - 5.359 ms
::1 - GET /css/chunk-3724587e.fe2c70c8.css HTTP/1.1 304 - - 7.670 ms
::1 - GET /css/chunk-41a252bc.d1d76372.css HTTP/1.1 304 - - 0.863 ms
::1 - GET /css/chunk-443effbc.c64a57b4.css HTTP/1.1 304 - - 0.822 ms
::1 - GET /css/chunk-45e0c06a.a3ff5d41.css HTTP/1.1 304 - - 0.573 ms
::1 - GET /css/chunk-46d2ca3c.e0b20bd5.css HTTP/1.1 304 - - 1.738 ms
::1 - GET /css/chunk-4dab55dd.7700f957.css HTTP/1.1 304 - - 1.469 ms
::1 - GET /css/chunk-4dc66e5b.94b98788.css HTTP/1.1 304 - - 1.664 ms
::1 - GET /css/chunk-59c4e4fb.d11799f9.css HTTP/1.1 304 - - 1.173 ms
::1 - GET /css/chunk-5a0cd13d.49d6632d.css HTTP/1.1 304 - - 2.124 ms
::1 - GET /css/chunk-65d10cdc.aeeb1a91.css HTTP/1.1 304 - - 0.788 ms
::1 - GET /css/chunk-725ab1bd.ac0d53fa.css HTTP/1.1 304 - - 0.541 ms
::1 - GET /css/chunk-7ff57720.eea2c59b.css HTTP/1.1 304 - - 0.647 ms
::1 - GET /css/chunk-85a580da.fdf86cee.css HTTP/1.1 304 - - 0.579 ms
::1 - GET /css/chunk-8c4adfd8.8a64c4a4.css HTTP/1.1 304 - - 0.417 ms
::1 - GET /css/chunk-92f4af2e.60f5db53.css HTTP/1.1 304 - - 0.601 ms
::1 - GET /css/chunk-b375671a.a6ca9291.css HTTP/1.1 304 - - 0.664 ms
::1 - GET /css/chunk-c96d273c.88bb6caf.css HTTP/1.1 304 - - 1.076 ms
::1 - GET /css/chunk-cd362ca8.fe037963.css HTTP/1.1 304 - - 0.668 ms
::1 - GET /css/chunk-ce059820.772664ef.css HTTP/1.1 304 - - 2.627 ms
::1 - GET /css/chunk-e38acdf2.2c477193.css HTTP/1.1 304 - - 0.513 ms
::1 - GET /css/user.26be6dee.css HTTP/1.1 304 - - 0.710 ms
::1 - GET /js/chunk-012ed0e6.adbaf05c.js HTTP/1.1 304 - - 0.678 ms
::1 - GET /js/chunk-08d74588.e49fedf3.js HTTP/1.1 304 - - 0.943 ms
::1 - GET /js/chunk-10b51204.61e1f196.js HTTP/1.1 304 - - 1.115 ms
::1 - GET /js/chunk-12194a25.d3c768af.js HTTP/1.1 304 - - 0.976 ms
::1 - GET /js/chunk-14557120.4c0b6a8a.js HTTP/1.1 304 - - 8.577 ms
::1 - GET /js/chunk-152b655f.8cd5c0ba.js HTTP/1.1 304 - - 2.293 ms
::1 - GET /js/chunk-332b6904.14b7c180.js HTTP/1.1 304 - - 3.728 ms
::1 - GET /js/chunk-34a00b1a.52fd90d9.js HTTP/1.1 304 - - 0.803 ms
::1 - GET /js/chunk-3724587e.ed2775e9.js HTTP/1.1 304 - - 0.565 ms
::1 - GET /js/chunk-41a252bc.3ff4eb33.js HTTP/1.1 304 - - 1.014 ms
::1 - GET /js/chunk-443effbc.035ad518.js HTTP/1.1 304 - - 1.060 ms
::1 - GET /js/chunk-45e0c06a.218da002.js HTTP/1.1 304 - - 3.077 ms
::1 - GET /js/chunk-46d2ca3c.775c5ddd.js HTTP/1.1 304 - - 3.599 ms
::1 - GET /js/chunk-4dab55dd.38338053.js HTTP/1.1 304 - - 0.689 ms
::1 - GET /js/chunk-4dc66e5b.1ff30d52.js HTTP/1.1 304 - - 0.610 ms
::1 - GET /js/chunk-59c4e4fb.cc06b845.js HTTP/1.1 304 - - 2.341 ms
::1 - GET /js/chunk-5a0cd13d.02d5d80b.js HTTP/1.1 304 - - 3.301 ms
::1 - GET /js/chunk-65d10cdc.ba3a9738.js HTTP/1.1 304 - - 3.498 ms
::1 - GET /js/chunk-725ab1bd.89ff26ee.js HTTP/1.1 304 - - 3.359 ms
::1 - GET /js/chunk-7ff57720.854ea6dc.js HTTP/1.1 304 - - 3.154 ms
::1 - GET /js/chunk-85a580da.31f9947c.js HTTP/1.1 304 - - 5.748 ms
::1 - GET /js/chunk-8c4adfd8.cd084037.js HTTP/1.1 304 - - 0.674 ms
::1 - GET /js/chunk-92f4af2e.0a21e196.js HTTP/1.1 304 - - 0.672 ms
::1 - GET /js/chunk-b375671a.2480cc35.js HTTP/1.1 304 - - 1.361 ms
::1 - GET /js/chunk-c96d273c.27a38fdd.js HTTP/1.1 304 - - 1.954 ms
::1 - GET /js/chunk-cd362ca8.b335ae2e.js HTTP/1.1 304 - - 4.442 ms
::1 - GET /js/chunk-ce059820.c37981f1.js HTTP/1.1 304 - - 4.178 ms
::1 - GET /js/chunk-e38acdf2.49ca5c18.js HTTP/1.1 304 - - 0.638 ms
::1 - GET /js/chunk-e6c4958e.17e3daa2.js HTTP/1.1 304 - - 0.711 ms
::1 - GET /js/chunk-eac41bdc.ca4181f7.js HTTP/1.1 304 - - 1.058 ms
::1 - GET /js/lang-zh-CN-account-settings.f8f25eaf.js HTTP/1.1 304 - - 0.380 ms
::1 - GET /js/lang-zh-CN-account.7918313a.js HTTP/1.1 304 - - 0.869 ms
::1 - GET /js/lang-zh-CN-dashboard-analysis.af6b3faa.js HTTP/1.1 304 - - 8.874 ms
::1 - GET /js/lang-zh-CN-dashboard.6bdaa16f.js HTTP/1.1 304 - - 2.325 ms
::1 - GET /js/lang-zh-CN-form-basicForm.ff3088ac.js HTTP/1.1 304 - - 1.675 ms
::1 - GET /js/lang-zh-CN-form.660342d2.js HTTP/1.1 304 - - 1.690 ms
::1 - GET /js/lang-zh-CN-global.bf0df5c8.js HTTP/1.1 304 - - 1.064 ms
::1 - GET /js/lang-zh-CN-menu.ebfccc83.js HTTP/1.1 304 - - 1.023 ms
::1 - GET /js/lang-zh-CN-result-fail.232762aa.js HTTP/1.1 304 - - 0.996 ms
::1 - GET /js/lang-zh-CN-result-success.3519c60c.js HTTP/1.1 304 - - 1.109 ms
::1 - GET /js/lang-zh-CN-result.01aae775.js HTTP/1.1 304 - - 1.893 ms
::1 - GET /js/lang-zh-CN-setting.8c2ce690.js HTTP/1.1 304 - - 0.844 ms
::1 - GET /js/lang-zh-CN-user.84a7d7e3.js HTTP/1.1 304 - - 0.841 ms
::1 - GET /js/lang-zh-CN.c2297c4c.js HTTP/1.1 304 - - 0.581 ms
::1 - GET /js/user.29c129e6.js HTTP/1.1 304 - - 0.463 ms
::1 - GET /logo.png HTTP/1.1 304 - - 0.411 ms
::1 - GET /logo.png HTTP/1.1 304 - - 0.521 ms
::1 - GET /assets/logo.b269e1b4.svg HTTP/1.1 200 225 - 1.326 ms
::1 - POST /wa/scrm/contacts/list HTTP/1.1 404 1023 - 369.999 ms
::1 - GET /wa/scrm/replyreminder/getOvertimeNotice HTTP/1.1 404 968 - 16.689 ms
::1 - GET /wa/scrm/management/queryAgentByName?username= HTTP/1.1 404 968 - 55.115 ms
::1 - GET /wa/scrm/webSocketConnect/info?userName=chentao&t=1675909465179 HTTP/1.1 200 7759 - 64.484 ms
::1 - GET /wa/scrm/webSocketConnect/662/35rdpoap/websocket?userName=chentao HTTP/1.1 404 968 - 14.581 ms
::1 - POST /wa/scrm/webSocketConnect/662/jsnedgbt/xhr_streaming?userName=chentao&t=1675909465660 HTTP/1.1 404 1023 - 11.676 ms
::1 - GET /wa/scrm/webSocketConnect/662/0wldinpx/eventsource?userName=chentao HTTP/1.1 404 968 - 9.387 ms
::1 - GET /wa/scrm/webSocketConnect/iframe.html?userName=chentao HTTP/1.1 404 968 - 9.087 ms
::1 - GET /stylesheets/style.css HTTP/1.1 404 968 - 9.123 ms
::1 - GET /wa/scrm/webSocketConnect/662/3azf2oao/htmlfile?userName=chentao&c=_jp.aofuecl HTTP/1.1 200 7759 - 1.373 ms
::1 - GET /config.js HTTP/1.1 304 - - 0.916 ms
::1 - GET /css/chunk-vendors.9912c9ce.css HTTP/1.1 304 - - 1.380 ms
::1 - GET /css/index.c8350060.css HTTP/1.1 304 - - 1.399 ms
::1 - GET /js/chunk-vendors.ae2cf7a7.js HTTP/1.1 304 - - 0.911 ms
::1 - GET /js/index.1b5b15cb.js HTTP/1.1 304 - - 0.689 ms
::1 - GET /css/chunk-012ed0e6.230030e9.css HTTP/1.1 304 - - 0.675 ms
::1 - GET /css/chunk-08d74588.123bdb1f.css HTTP/1.1 304 - - 0.688 ms
::1 - GET /css/chunk-12194a25.84118ba7.css HTTP/1.1 304 - - 0.968 ms
::1 - GET /css/chunk-14557120.27f8ec70.css HTTP/1.1 304 - - 1.046 ms
::1 - GET /css/chunk-332b6904.826b0917.css HTTP/1.1 304 - - 0.515 ms
::1 - GET /css/chunk-152b655f.bb6ff651.css HTTP/1.1 304 - - 0.402 ms
::1 - GET /css/chunk-34a00b1a.aea3ec03.css HTTP/1.1 304 - - 1.174 ms
::1 - GET /css/chunk-3724587e.fe2c70c8.css HTTP/1.1 304 - - 1.150 ms
::1 - GET /css/chunk-41a252bc.d1d76372.css HTTP/1.1 304 - - 1.135 ms
::1 - GET /css/chunk-443effbc.c64a57b4.css HTTP/1.1 304 - - 1.682 ms
::1 - GET /css/chunk-45e0c06a.a3ff5d41.css HTTP/1.1 304 - - 1.120 ms
::1 - GET /css/chunk-46d2ca3c.e0b20bd5.css HTTP/1.1 304 - - 0.635 ms
::1 - GET /css/chunk-4dab55dd.7700f957.css HTTP/1.1 304 - - 0.421 ms
::1 - GET /css/chunk-4dc66e5b.94b98788.css HTTP/1.1 304 - - 0.505 ms
::1 - GET /css/chunk-59c4e4fb.d11799f9.css HTTP/1.1 304 - - 0.597 ms
::1 - GET /css/chunk-5a0cd13d.49d6632d.css HTTP/1.1 304 - - 1.820 ms
::1 - GET /css/chunk-65d10cdc.aeeb1a91.css HTTP/1.1 304 - - 1.513 ms
::1 - GET /css/chunk-725ab1bd.ac0d53fa.css HTTP/1.1 304 - - 1.109 ms
::1 - GET /css/chunk-7ff57720.eea2c59b.css HTTP/1.1 304 - - 0.458 ms
::1 - GET /css/chunk-85a580da.fdf86cee.css HTTP/1.1 304 - - 0.652 ms
::1 - GET /css/chunk-8c4adfd8.8a64c4a4.css HTTP/1.1 304 - - 0.473 ms
::1 - GET /css/chunk-b375671a.a6ca9291.css HTTP/1.1 304 - - 0.871 ms
::1 - GET /css/chunk-c96d273c.88bb6caf.css HTTP/1.1 304 - - 0.912 ms
::1 - GET /css/chunk-92f4af2e.60f5db53.css HTTP/1.1 304 - - 0.634 ms
::1 - GET /css/chunk-cd362ca8.fe037963.css HTTP/1.1 304 - - 0.709 ms
::1 - GET /css/chunk-ce059820.772664ef.css HTTP/1.1 304 - - 1.625 ms
::1 - GET /css/chunk-e38acdf2.2c477193.css HTTP/1.1 304 - - 1.172 ms
::1 - GET /js/chunk-012ed0e6.adbaf05c.js HTTP/1.1 304 - - 2.567 ms
::1 - GET /css/user.26be6dee.css HTTP/1.1 304 - - 1.769 ms
::1 - GET /js/chunk-08d74588.e49fedf3.js HTTP/1.1 304 - - 1.961 ms
::1 - GET /js/chunk-10b51204.61e1f196.js HTTP/1.1 304 - - 1.546 ms
::1 - GET /js/chunk-12194a25.d3c768af.js HTTP/1.1 304 - - 2.334 ms
::1 - GET /js/chunk-14557120.4c0b6a8a.js HTTP/1.1 304 - - 0.462 ms
::1 - GET /js/chunk-152b655f.8cd5c0ba.js HTTP/1.1 304 - - 1.383 ms
::1 - GET /js/chunk-332b6904.14b7c180.js HTTP/1.1 304 - - 1.456 ms
::1 - GET /js/chunk-34a00b1a.52fd90d9.js HTTP/1.1 304 - - 1.516 ms
::1 - GET /js/chunk-3724587e.ed2775e9.js HTTP/1.1 304 - - 1.930 ms
::1 - GET /js/chunk-41a252bc.3ff4eb33.js HTTP/1.1 304 - - 0.878 ms
::1 - GET /js/chunk-443effbc.035ad518.js HTTP/1.1 304 - - 1.224 ms
::1 - GET /js/chunk-45e0c06a.218da002.js HTTP/1.1 304 - - 0.836 ms
::1 - GET /js/chunk-46d2ca3c.775c5ddd.js HTTP/1.1 304 - - 1.163 ms
::1 - GET /js/chunk-4dab55dd.38338053.js HTTP/1.1 304 - - 3.648 ms
::1 - GET /js/chunk-4dc66e5b.1ff30d52.js HTTP/1.1 304 - - 1.308 ms
::1 - GET /js/chunk-59c4e4fb.cc06b845.js HTTP/1.1 304 - - 0.853 ms
::1 - GET /js/chunk-5a0cd13d.02d5d80b.js HTTP/1.1 304 - - 0.799 ms
::1 - GET /js/chunk-65d10cdc.ba3a9738.js HTTP/1.1 304 - - 0.835 ms
::1 - GET /js/chunk-725ab1bd.89ff26ee.js HTTP/1.1 304 - - 0.758 ms
::1 - GET /js/chunk-7ff57720.854ea6dc.js HTTP/1.1 304 - - 0.558 ms
::1 - GET /js/chunk-85a580da.31f9947c.js HTTP/1.1 304 - - 0.521 ms
::1 - GET /js/chunk-8c4adfd8.cd084037.js HTTP/1.1 304 - - 0.546 ms
::1 - GET /js/chunk-b375671a.2480cc35.js HTTP/1.1 304 - - 0.828 ms
::1 - GET /js/chunk-c96d273c.27a38fdd.js HTTP/1.1 304 - - 0.831 ms
::1 - GET /js/chunk-cd362ca8.b335ae2e.js HTTP/1.1 304 - - 0.715 ms
::1 - GET /js/chunk-92f4af2e.0a21e196.js HTTP/1.1 304 - - 1.164 ms
::1 - GET /js/chunk-ce059820.c37981f1.js HTTP/1.1 304 - - 0.745 ms
::1 - GET /js/chunk-e38acdf2.49ca5c18.js HTTP/1.1 304 - - 1.970 ms
::1 - GET /js/chunk-e6c4958e.17e3daa2.js HTTP/1.1 304 - - 0.688 ms
::1 - GET /js/chunk-eac41bdc.ca4181f7.js HTTP/1.1 304 - - 0.504 ms
::1 - GET /js/lang-zh-CN-account-settings.f8f25eaf.js HTTP/1.1 304 - - 0.719 ms
::1 - GET /js/lang-zh-CN-account.7918313a.js HTTP/1.1 304 - - 0.625 ms
::1 - GET /js/lang-zh-CN-dashboard-analysis.af6b3faa.js HTTP/1.1 304 - - 0.407 ms
::1 - GET /js/lang-zh-CN-dashboard.6bdaa16f.js HTTP/1.1 304 - - 0.576 ms
::1 - GET /js/lang-zh-CN-form-basicForm.ff3088ac.js HTTP/1.1 304 - - 0.919 ms
::1 - GET /js/lang-zh-CN-form.660342d2.js HTTP/1.1 304 - - 1.050 ms
::1 - GET /js/lang-zh-CN-global.bf0df5c8.js HTTP/1.1 304 - - 0.638 ms
::1 - GET /js/lang-zh-CN-menu.ebfccc83.js HTTP/1.1 304 - - 0.441 ms
::1 - GET /js/lang-zh-CN-result-fail.232762aa.js HTTP/1.1 304 - - 0.482 ms
::1 - GET /js/lang-zh-CN-result-success.3519c60c.js HTTP/1.1 304 - - 0.460 ms
::1 - GET /js/lang-zh-CN-result.01aae775.js HTTP/1.1 304 - - 2.607 ms
::1 - GET /js/lang-zh-CN-setting.8c2ce690.js HTTP/1.1 304 - - 2.958 ms
::1 - GET /js/lang-zh-CN-user.84a7d7e3.js HTTP/1.1 304 - - 0.787 ms
::1 - GET /js/lang-zh-CN.c2297c4c.js HTTP/1.1 304 - - 0.936 ms
::1 - GET /js/user.29c129e6.js HTTP/1.1 304 - - 0.596 ms
::1 - GET /logo.png HTTP/1.1 304 - - 0.563 ms
::1 - GET /wa/scrm/webSocketConnect/iframe.html?userName=chentao HTTP/1.1 404 968 - 16.644 ms
::1 - POST /wa/scrm/webSocketConnect/662/wgxycy3b/xhr?userName=chentao&t=1675909469377 HTTP/1.1 404 1023 - 14.327 ms
::1 - GET /wa/scrm/webSocketConnect/iframe.html?userName=chentao HTTP/1.1 404 968 - 13.503 ms
::1 - GET /stylesheets/style.css HTTP/1.1 404 968 - 5.734 ms
::1 - GET /wa/scrm/webSocketConnect/662/g1axbckk/jsonp?userName=chentao&c=_jp.a3j1efe HTTP/1.1 200 7759 - 1.778 ms
::1 - GET /wa/scrm/webSocketConnect/info?userName=chentao&t=1675909472459 HTTP/1.1 200 7759 - 2.511 ms
::1 - GET /wa/scrm/webSocketConnect/601/bfri3fi0/websocket?userName=chentao HTTP/1.1 404 968 - 12.717 ms
::1 - POST /wa/scrm/webSocketConnect/601/0eaai1zx/xhr_streaming?userName=chentao&t=1675909472504 HTTP/1.1 404 1023 - 8.826 ms
::1 - GET /wa/scrm/webSocketConnect/601/gbh5rpvi/eventsource?userName=chentao HTTP/1.1 404 968 - 13.253 ms
::1 - GET /wa/scrm/webSocketConnect/iframe.html?userName=chentao HTTP/1.1 404 968 - 11.307 ms
::1 - GET /stylesheets/style.css HTTP/1.1 404 968 - 7.306 ms
::1 - GET /wa/scrm/webSocketConnect/601/pzhr2idb/htmlfile?userName=chentao&c=_jp.aqnppxu HTTP/1.1 200 7759 - 2.220 ms
::1 - GET /wa/scrm/webSocketConnect/iframe.html?userName=chentao HTTP/1.1 404 968 - 8.212 ms
::1 - POST /wa/scrm/webSocketConnect/601/qnnekrrh/xhr?userName=chentao&t=1675909473178 HTTP/1.1 404 1023 - 5.302 ms
::1 - GET /wa/scrm/webSocketConnect/iframe.html?userName=chentao HTTP/1.1 404 968 - 4.889 ms
::1 - GET /stylesheets/style.css HTTP/1.1 404 968 - 5.248 ms
::1 - GET /wa/scrm/webSocketConnect/601/yi50spxe/jsonp?userName=chentao&c=_jp.a1mjx01 HTTP/1.1 200 7759 - 4.876 ms
::1 - GET /wa/scrm/webSocketConnect/info?userName=chentao&t=1675909474759 HTTP/1.1 200 7759 - 1.724 ms
::1 - GET /wa/scrm/webSocketConnect/439/sj5ec34s/websocket?userName=chentao HTTP/1.1 404 968 - 6.787 ms
::1 - POST /wa/scrm/webSocketConnect/439/kjc0hljz/xhr_streaming?userName=chentao&t=1675909474782 HTTP/1.1 404 1023 - 6.536 ms
::1 - GET /wa/scrm/webSocketConnect/439/ztekwoud/eventsource?userName=chentao HTTP/1.1 404 968 - 6.443 ms
::1 - GET /wa/scrm/webSocketConnect/iframe.html?userName=chentao HTTP/1.1 404 968 - 7.717 ms
::1 - GET /stylesheets/style.css HTTP/1.1 404 968 - 4.227 ms
::1 - GET /wa/scrm/webSocketConnect/439/phgh0k3w/htmlfile?userName=chentao&c=_jp.ae3xdik HTTP/1.1 200 7759 - 1.521 ms
::1 - POST /wa/scrm/webSocketConnect/439/rr3y5nrh/xhr?userName=chentao&t=1675909475432 HTTP/1.1 404 1023 - 13.068 ms
::1 - GET /wa/scrm/webSocketConnect/iframe.html?userName=chentao HTTP/1.1 404 968 - 4.266 ms
::1 - GET /stylesheets/style.css HTTP/1.1 404 968 - 3.819 ms
::1 - GET /wa/scrm/webSocketConnect/439/lhy0lpwp/jsonp?userName=chentao&c=_jp.aad5yzi HTTP/1.1 200 7759 - 15.073 ms
::1 - GET /wa/scrm/webSocketConnect/info?userName=chentao&t=1675909476974 HTTP/1.1 200 7759 - 4.711 ms
::1 - GET /wa/scrm/webSocketConnect/178/4ln5ewxd/websocket?userName=chentao HTTP/1.1 404 968 - 8.907 ms
::1 - POST /wa/scrm/webSocketConnect/178/lfj4ep4x/xhr_streaming?userName=chentao&t=1675909477034 HTTP/1.1 404 1023 - 5.829 ms
::1 - GET /wa/scrm/webSocketConnect/178/r4ztjgih/eventsource?userName=chentao HTTP/1.1 404 968 - 4.124 ms
::1 - GET /wa/scrm/webSocketConnect/iframe.html?userName=chentao HTTP/1.1 404 968 - 5.576 ms
::1 - GET /stylesheets/style.css HTTP/1.1 404 968 - 6.375 ms
::1 - POST /wa/scrm/webSocketConnect/178/ii25jqkr/xhr?userName=chentao&t=1675909477768 HTTP/1.1 404 1023 - 3.119 ms
::1 - GET /wa/scrm/webSocketConnect/iframe.html?userName=chentao HTTP/1.1 404 968 - 4.922 ms
::1 - GET /stylesheets/style.css HTTP/1.1 404 968 - 4.598 ms
::1 - GET /wa/scrm/webSocketConnect/178/bi30dyuy/jsonp?userName=chentao&c=_jp.abwfvog HTTP/1.1 200 7759 - 6.637 ms
::1 - GET /wa/scrm/webSocketConnect/info?userName=chentao&t=1675909479338 HTTP/1.1 200 7759 - 2.736 ms
::1 - GET /wa/scrm/webSocketConnect/590/g05u3xc4/websocket?userName=chentao HTTP/1.1 404 968 - 7.194 ms
::1 - POST /wa/scrm/webSocketConnect/590/ki32q2rh/xhr_streaming?userName=chentao&t=1675909479375 HTTP/1.1 404 1023 - 6.544 ms
::1 - GET /wa/scrm/webSocketConnect/590/42a2uf4b/eventsource?userName=chentao HTTP/1.1 404 968 - 4.565 ms
::1 - GET /wa/scrm/webSocketConnect/iframe.html?userName=chentao HTTP/1.1 404 968 - 13.572 ms
::1 - GET /stylesheets/style.css HTTP/1.1 404 968 - 6.961 ms
::1 - GET /wa/scrm/webSocketConnect/590/u4iacxkj/htmlfile?userName=chentao&c=_jp.auymfzz HTTP/1.1 200 7759 - 2.324 ms
::1 - POST /wa/scrm/webSocketConnect/590/u3j41yh2/xhr?userName=chentao&t=1675909480068 HTTP/1.1 404 1023 - 4.864 ms
::1 - GET /wa/scrm/webSocketConnect/iframe.html?userName=chentao HTTP/1.1 404 968 - 2.963 ms
::1 - GET /stylesheets/style.css HTTP/1.1 404 968 - 7.487 ms
::1 - GET /wa/scrm/webSocketConnect/590/o5jchn4b/jsonp?userName=chentao&c=_jp.arzbepv HTTP/1.1 200 7759 - 1.328 ms
::1 - GET /wa/scrm/webSocketConnect/info?userName=chentao&t=1675909481596 HTTP/1.1 200 7759 - 1.861 ms
::1 - GET /wa/scrm/webSocketConnect/983/gxm1akai/websocket?userName=chentao HTTP/1.1 404 968 - 6.118 ms
::1 - POST /wa/scrm/webSocketConnect/983/ekyuyjii/xhr_streaming?userName=chentao&t=1675909481625 HTTP/1.1 404 1023 - 7.321 ms
::1 - GET /wa/scrm/webSocketConnect/983/b0tytznz/eventsource?userName=chentao HTTP/1.1 404 968 - 3.970 ms
::1 - GET /wa/scrm/webSocketConnect/iframe.html?userName=chentao HTTP/1.1 404 968 - 7.192 ms
::1 - GET /stylesheets/style.css HTTP/1.1 404 968 - 9.514 ms
::1 - GET /wa/scrm/webSocketConnect/983/jqbwcb1x/htmlfile?userName=chentao&c=_jp.ak0aqwq HTTP/1.1 200 7759 - 1.605 ms
::1 - POST /wa/scrm/webSocketConnect/983/ntysvtgp/xhr?userName=chentao&t=1675909482291 HTTP/1.1 404 1023 - 3.807 ms
::1 - GET /wa/scrm/webSocketConnect/iframe.html?userName=chentao HTTP/1.1 404 968 - 4.264 ms
::1 - GET /stylesheets/style.css HTTP/1.1 404 968 - 3.732 ms
::1 - GET /wa/scrm/webSocketConnect/983/tsabjdzr/jsonp?userName=chentao&c=_jp.a3yqtqs HTTP/1.1 200 7759 - 2.223 ms
::1 - GET /wa/scrm/management/logout?0=111 HTTP/1.1 404 968 - 5.862 ms
::1 - GET /Empty HTTP/1.1 200 7759 - 2.873 ms
::1 - GET /config.js HTTP/1.1 304 - - 2.652 ms
::1 - GET /css/chunk-vendors.9912c9ce.css HTTP/1.1 304 - - 5.107 ms
::1 - GET /css/index.c8350060.css HTTP/1.1 304 - - 1.995 ms
::1 - GET /js/chunk-vendors.ae2cf7a7.js HTTP/1.1 304 - - 2.750 ms
::1 - GET /js/index.1b5b15cb.js HTTP/1.1 304 - - 2.150 ms
::1 - GET /css/chunk-012ed0e6.230030e9.css HTTP/1.1 304 - - 0.642 ms
::1 - GET /css/chunk-08d74588.123bdb1f.css HTTP/1.1 304 - - 0.607 ms
::1 - GET /css/chunk-12194a25.84118ba7.css HTTP/1.1 304 - - 1.006 ms
::1 - GET /css/chunk-14557120.27f8ec70.css HTTP/1.1 304 - - 0.682 ms
::1 - GET /css/chunk-152b655f.bb6ff651.css HTTP/1.1 304 - - 1.219 ms
::1 - GET /css/chunk-332b6904.826b0917.css HTTP/1.1 304 - - 4.564 ms
::1 - GET /css/chunk-34a00b1a.aea3ec03.css HTTP/1.1 304 - - 2.564 ms
::1 - GET /css/chunk-3724587e.fe2c70c8.css HTTP/1.1 304 - - 0.485 ms
::1 - GET /css/chunk-41a252bc.d1d76372.css HTTP/1.1 304 - - 1.450 ms
::1 - GET /css/chunk-443effbc.c64a57b4.css HTTP/1.1 304 - - 1.847 ms
::1 - GET /css/chunk-45e0c06a.a3ff5d41.css HTTP/1.1 304 - - 2.352 ms
::1 - GET /css/chunk-46d2ca3c.e0b20bd5.css HTTP/1.1 304 - - 7.628 ms
::1 - GET /css/chunk-4dab55dd.7700f957.css HTTP/1.1 304 - - 3.144 ms
::1 - GET /css/chunk-4dc66e5b.94b98788.css HTTP/1.1 304 - - 1.763 ms
::1 - GET /css/chunk-59c4e4fb.d11799f9.css HTTP/1.1 304 - - 0.441 ms
::1 - GET /css/chunk-65d10cdc.aeeb1a91.css HTTP/1.1 304 - - 0.627 ms
::1 - GET /css/chunk-725ab1bd.ac0d53fa.css HTTP/1.1 304 - - 1.011 ms
::1 - GET /css/chunk-5a0cd13d.49d6632d.css HTTP/1.1 304 - - 0.623 ms
::1 - GET /css/chunk-7ff57720.eea2c59b.css HTTP/1.1 304 - - 0.697 ms
::1 - GET /css/chunk-85a580da.fdf86cee.css HTTP/1.1 304 - - 0.719 ms
::1 - GET /css/chunk-8c4adfd8.8a64c4a4.css HTTP/1.1 304 - - 1.830 ms
::1 - GET /css/chunk-92f4af2e.60f5db53.css HTTP/1.1 304 - - 1.718 ms
::1 - GET /css/chunk-b375671a.a6ca9291.css HTTP/1.1 304 - - 2.512 ms
::1 - GET /css/chunk-c96d273c.88bb6caf.css HTTP/1.1 304 - - 3.002 ms
::1 - GET /css/chunk-cd362ca8.fe037963.css HTTP/1.1 304 - - 1.290 ms
::1 - GET /css/chunk-ce059820.772664ef.css HTTP/1.1 304 - - 1.315 ms
::1 - GET /css/chunk-e38acdf2.2c477193.css HTTP/1.1 304 - - 4.244 ms
::1 - GET /css/user.26be6dee.css HTTP/1.1 304 - - 0.480 ms
::1 - GET /js/chunk-012ed0e6.adbaf05c.js HTTP/1.1 304 - - 0.452 ms
::1 - GET /js/chunk-08d74588.e49fedf3.js HTTP/1.1 304 - - 0.438 ms
::1 - GET /js/chunk-10b51204.61e1f196.js HTTP/1.1 304 - - 1.320 ms
::1 - GET /js/chunk-12194a25.d3c768af.js HTTP/1.1 304 - - 1.307 ms
::1 - GET /js/chunk-14557120.4c0b6a8a.js HTTP/1.1 304 - - 1.247 ms
::1 - GET /js/chunk-152b655f.8cd5c0ba.js HTTP/1.1 304 - - 0.466 ms
::1 - GET /js/chunk-332b6904.14b7c180.js HTTP/1.1 304 - - 3.448 ms
::1 - GET /js/chunk-34a00b1a.52fd90d9.js HTTP/1.1 304 - - 0.443 ms
::1 - GET /js/chunk-41a252bc.3ff4eb33.js HTTP/1.1 304 - - 1.361 ms
::1 - GET /js/chunk-3724587e.ed2775e9.js HTTP/1.1 304 - - 2.322 ms
::1 - GET /js/chunk-443effbc.035ad518.js HTTP/1.1 304 - - 0.598 ms
::1 - GET /js/chunk-45e0c06a.218da002.js HTTP/1.1 304 - - 0.473 ms
::1 - GET /js/chunk-46d2ca3c.775c5ddd.js HTTP/1.1 304 - - 4.807 ms
::1 - GET /js/chunk-4dab55dd.38338053.js HTTP/1.1 304 - - 2.341 ms
::1 - GET /js/chunk-4dc66e5b.1ff30d52.js HTTP/1.1 304 - - 0.385 ms
::1 - GET /js/chunk-59c4e4fb.cc06b845.js HTTP/1.1 304 - - 0.503 ms
::1 - GET /js/chunk-5a0cd13d.02d5d80b.js HTTP/1.1 304 - - 0.987 ms
::1 - GET /js/chunk-65d10cdc.ba3a9738.js HTTP/1.1 304 - - 0.940 ms
::1 - GET /js/chunk-725ab1bd.89ff26ee.js HTTP/1.1 304 - - 1.132 ms
::1 - GET /js/chunk-7ff57720.854ea6dc.js HTTP/1.1 304 - - 1.059 ms
::1 - GET /js/chunk-85a580da.31f9947c.js HTTP/1.1 304 - - 0.419 ms
::1 - GET /js/chunk-8c4adfd8.cd084037.js HTTP/1.1 304 - - 0.769 ms
::1 - GET /js/chunk-92f4af2e.0a21e196.js HTTP/1.1 304 - - 0.706 ms
::1 - GET /js/chunk-b375671a.2480cc35.js HTTP/1.1 304 - - 4.341 ms
::1 - GET /js/chunk-c96d273c.27a38fdd.js HTTP/1.1 304 - - 0.448 ms
::1 - GET /js/chunk-cd362ca8.b335ae2e.js HTTP/1.1 304 - - 0.448 ms
::1 - GET /js/chunk-ce059820.c37981f1.js HTTP/1.1 304 - - 0.469 ms
::1 - GET /js/chunk-e38acdf2.49ca5c18.js HTTP/1.1 304 - - 0.490 ms
::1 - GET /js/chunk-e6c4958e.17e3daa2.js HTTP/1.1 304 - - 0.590 ms
::1 - GET /js/chunk-eac41bdc.ca4181f7.js HTTP/1.1 304 - - 1.615 ms
::1 - GET /js/lang-zh-CN-account-settings.f8f25eaf.js HTTP/1.1 304 - - 0.486 ms
::1 - GET /js/lang-zh-CN-account.7918313a.js HTTP/1.1 304 - - 0.407 ms
::1 - GET /js/lang-zh-CN-dashboard-analysis.af6b3faa.js HTTP/1.1 304 - - 0.679 ms
::1 - GET /js/lang-zh-CN-dashboard.6bdaa16f.js HTTP/1.1 304 - - 0.460 ms
::1 - GET /js/lang-zh-CN-form-basicForm.ff3088ac.js HTTP/1.1 304 - - 0.558 ms
::1 - GET /js/lang-zh-CN-form.660342d2.js HTTP/1.1 304 - - 0.616 ms
::1 - GET /js/lang-zh-CN-global.bf0df5c8.js HTTP/1.1 304 - - 0.527 ms
::1 - GET /js/lang-zh-CN-menu.ebfccc83.js HTTP/1.1 304 - - 0.621 ms
::1 - GET /js/lang-zh-CN-result-fail.232762aa.js HTTP/1.1 304 - - 1.014 ms
::1 - GET /js/lang-zh-CN-result-success.3519c60c.js HTTP/1.1 304 - - 0.647 ms
::1 - GET /js/lang-zh-CN-result.01aae775.js HTTP/1.1 304 - - 1.545 ms
::1 - GET /js/lang-zh-CN-setting.8c2ce690.js HTTP/1.1 304 - - 1.522 ms
::1 - GET /js/lang-zh-CN-user.84a7d7e3.js HTTP/1.1 304 - - 1.072 ms
::1 - GET /js/lang-zh-CN.c2297c4c.js HTTP/1.1 304 - - 1.106 ms
::1 - GET /js/user.29c129e6.js HTTP/1.1 304 - - 0.819 ms
::1 - GET /logo.png HTTP/1.1 304 - - 0.600 ms
::1 - GET /publicity/OTP-msg.png HTTP/1.1 304 - - 16.471 ms
::1 - GET /publicity/facebook.svg HTTP/1.1 304 - - 16.183 ms
::1 - GET /publicity/WhatsApp-hero.png HTTP/1.1 304 - - 16.918 ms
::1 - GET /publicity/facebook.png HTTP/1.1 304 - - 17.990 ms
::1 - GET /publicity/WhatsApp.svg HTTP/1.1 304 - - 16.789 ms
::1 - GET /logo.png HTTP/1.1 304 - - 0.451 ms
::1 - GET /assets/logo.b269e1b4.svg HTTP/1.1 304 - - 0.475 ms
::1 - POST /wa/scrm/contacts/list HTTP/1.1 404 1023 - 11.029 ms
::1 - GET /wa/scrm/replyreminder/getOvertimeNotice HTTP/1.1 404 968 - 11.846 ms
::1 - GET /wa/scrm/management/queryAgentByName?username= HTTP/1.1 404 968 - 8.777 ms
::1 - GET /wa/scrm/webSocketConnect/info?userName=chentao&t=1675911684736 HTTP/1.1 200 7759 - 1.013 ms
::1 - GET /wa/scrm/webSocketConnect/843/uyioxoj4/websocket?userName=chentao HTTP/1.1 404 968 - 5.017 ms
::1 - POST /wa/scrm/webSocketConnect/843/01e2f5rn/xhr_streaming?userName=chentao&t=1675911684857 HTTP/1.1 404 1023 - 7.705 ms
::1 - GET /wa/scrm/webSocketConnect/843/5a5but0h/eventsource?userName=chentao HTTP/1.1 404 968 - 3.821 ms
::1 - GET /wa/scrm/webSocketConnect/iframe.html?userName=chentao HTTP/1.1 404 968 - 5.263 ms
::1 - GET /stylesheets/style.css HTTP/1.1 404 968 - 5.185 ms
::1 - GET /wa/scrm/webSocketConnect/843/httgt4ow/htmlfile?userName=chentao&c=_jp.avd123j HTTP/1.1 200 7759 - 1.156 ms
::1 - GET /wa/scrm/webSocketConnect/iframe.html?userName=chentao HTTP/1.1 404 968 - 6.144 ms
::1 - POST /wa/scrm/webSocketConnect/843/4fy2pm4c/xhr?userName=chentao&t=1675911685880 HTTP/1.1 404 1023 - 6.517 ms
::1 - GET /wa/scrm/webSocketConnect/iframe.html?userName=chentao HTTP/1.1 404 968 - 3.791 ms
::1 - GET /stylesheets/style.css HTTP/1.1 404 968 - 4.905 ms
::1 - GET /wa/scrm/webSocketConnect/843/kvzqdnqo/jsonp?userName=chentao&c=_jp.auw4kw4 HTTP/1.1 200 7759 - 1.283 ms
::1 - GET /wa/scrm/webSocketConnect/info?userName=chentao&t=1675911687577 HTTP/1.1 200 7759 - 0.963 ms
::1 - GET /wa/scrm/webSocketConnect/022/mo5hoinz/websocket?userName=chentao HTTP/1.1 404 968 - 6.682 ms
::1 - POST /wa/scrm/webSocketConnect/022/nn2kazen/xhr_streaming?userName=chentao&t=1675911687592 HTTP/1.1 404 1023 - 8.167 ms
::1 - GET /wa/scrm/webSocketConnect/022/gpmavdr5/eventsource?userName=chentao HTTP/1.1 404 968 - 8.027 ms
::1 - GET /wa/scrm/webSocketConnect/iframe.html?userName=chentao HTTP/1.1 404 968 - 5.013 ms
::1 - GET /stylesheets/style.css HTTP/1.1 404 968 - 3.199 ms
::1 - GET /wa/scrm/webSocketConnect/022/ee50tbnd/htmlfile?userName=chentao&c=_jp.a52kfwq HTTP/1.1 200 7759 - 1.594 ms
::1 - POST /wa/scrm/webSocketConnect/022/sezedm14/xhr?userName=chentao&t=1675911688221 HTTP/1.1 404 1023 - 3.411 ms
::1 - GET /wa/scrm/webSocketConnect/iframe.html?userName=chentao HTTP/1.1 - - - - ms
::1 - GET /wa/scrm/webSocketConnect/iframe.html?userName=chentao HTTP/1.1 404 968 - 3.151 ms
::1 - GET /stylesheets/style.css HTTP/1.1 404 968 - 4.199 ms
::1 - GET /wa/scrm/webSocketConnect/022/dryvttdx/jsonp?userName=chentao&c=_jp.aj4v3zp HTTP/1.1 200 7759 - 0.872 ms
::1 - GET /wa/scrm/webSocketConnect/info?userName=chentao&t=1675911689750 HTTP/1.1 200 7759 - 1.596 ms
::1 - GET /wa/scrm/webSocketConnect/389/vt5omt03/websocket?userName=chentao HTTP/1.1 404 968 - 2.655 ms
::1 - POST /wa/scrm/webSocketConnect/389/0pgjbmwd/xhr_streaming?userName=chentao&t=1675911689761 HTTP/1.1 404 1023 - 3.288 ms
::1 - GET /wa/scrm/webSocketConnect/389/g2vaqxua/eventsource?userName=chentao HTTP/1.1 404 968 - 3.866 ms
::1 - GET /wa/scrm/webSocketConnect/iframe.html?userName=chentao HTTP/1.1 404 968 - 3.523 ms
::1 - GET /stylesheets/style.css HTTP/1.1 404 968 - 4.769 ms
::1 - POST /wa/scrm/webSocketConnect/389/ignb20xy/xhr?userName=chentao&t=1675911690408 HTTP/1.1 404 1023 - 3.605 ms
::1 - GET /wa/scrm/webSocketConnect/iframe.html?userName=chentao HTTP/1.1 404 968 - 3.005 ms
::1 - GET /stylesheets/style.css HTTP/1.1 404 968 - 4.845 ms
::1 - GET /wa/scrm/webSocketConnect/389/prm0dobx/jsonp?userName=chentao&c=_jp.aqo4epa HTTP/1.1 200 7759 - 1.529 ms
::1 - GET /wa/scrm/webSocketConnect/info?userName=chentao&t=1675911691958 HTTP/1.1 200 7759 - 1.581 ms
::1 - GET /wa/scrm/webSocketConnect/775/qacelfva/websocket?userName=chentao HTTP/1.1 404 968 - 4.291 ms
::1 - POST /wa/scrm/webSocketConnect/775/pwvo5ptn/xhr_streaming?userName=chentao&t=1675911691982 HTTP/1.1 404 1023 - 6.088 ms
::1 - GET /wa/scrm/webSocketConnect/775/ezcpcnud/eventsource?userName=chentao HTTP/1.1 404 968 - 3.154 ms
::1 - GET /wa/scrm/webSocketConnect/iframe.html?userName=chentao HTTP/1.1 404 968 - 9.196 ms
::1 - GET /stylesheets/style.css HTTP/1.1 404 968 - 4.138 ms
::1 - GET /wa/scrm/webSocketConnect/775/gkj4b2kk/htmlfile?userName=chentao&c=_jp.a4tv5xk HTTP/1.1 200 7759 - 0.841 ms
::1 - GET /wa/scrm/webSocketConnect/iframe.html?userName=chentao HTTP/1.1 404 968 - 3.566 ms
::1 - POST /wa/scrm/webSocketConnect/775/wx3ephbz/xhr?userName=chentao&t=1675911692628 HTTP/1.1 404 1023 - 3.829 ms
::1 - GET /wa/scrm/webSocketConnect/iframe.html?userName=chentao HTTP/1.1 404 968 - 2.551 ms
::1 - GET /stylesheets/style.css HTTP/1.1 404 968 - 3.478 ms
::1 - GET /wa/scrm/webSocketConnect/775/2p41pw10/jsonp?userName=chentao&c=_jp.ai53vfg HTTP/1.1 200 7759 - 1.958 ms
::1 - GET /wa/scrm/webSocketConnect/info?userName=chentao&t=1675911694211 HTTP/1.1 200 7759 - 2.452 ms
::1 - GET /wa/scrm/webSocketConnect/268/nsaqzsut/websocket?userName=chentao HTTP/1.1 404 968 - 8.005 ms
::1 - POST /wa/scrm/webSocketConnect/268/yyn2i521/xhr_streaming?userName=chentao&t=1675911694247 HTTP/1.1 404 1023 - 4.003 ms
::1 - GET /wa/scrm/webSocketConnect/268/bq1umxbf/eventsource?userName=chentao HTTP/1.1 404 968 - 5.083 ms
::1 - GET /wa/scrm/webSocketConnect/iframe.html?userName=chentao HTTP/1.1 404 968 - 3.896 ms
::1 - GET /wa/scrm/webSocketConnect/268/eaz2lqpv/htmlfile?userName=chentao&c=_jp.af31vq2 HTTP/1.1 200 7759 - 0.942 ms
::1 - GET /wa/scrm/webSocketConnect/iframe.html?userName=chentao HTTP/1.1 404 968 - 3.139 ms
::1 - POST /wa/scrm/webSocketConnect/268/1gfmpvr0/xhr?userName=chentao&t=1675911695247 HTTP/1.1 404 1023 - 2.954 ms
::1 - GET /wa/scrm/webSocketConnect/iframe.html?userName=chentao HTTP/1.1 404 968 - 2.579 ms
::1 - GET /stylesheets/style.css HTTP/1.1 404 968 - 3.445 ms
::1 - GET /wa/scrm/webSocketConnect/268/tmazoj02/jsonp?userName=chentao&c=_jp.a3mjory HTTP/1.1 200 7759 - 0.909 ms
::1 - GET /wa/scrm/webSocketConnect/info?userName=chentao&t=1675911700210 HTTP/1.1 200 7759 - 2.291 ms
::1 - GET /wa/scrm/webSocketConnect/936/1x3hjzfs/websocket?userName=chentao HTTP/1.1 404 968 - 6.769 ms
::1 - POST /wa/scrm/webSocketConnect/936/v0fp21sc/xhr_streaming?userName=chentao&t=1675911700254 HTTP/1.1 404 1023 - 4.047 ms
::1 - GET /wa/scrm/webSocketConnect/936/bufrtzps/eventsource?userName=chentao HTTP/1.1 404 968 - 3.107 ms
::1 - GET /wa/scrm/webSocketConnect/iframe.html?userName=chentao HTTP/1.1 404 968 - 10.484 ms
::1 - GET /stylesheets/style.css HTTP/1.1 404 968 - 4.715 ms
::1 - GET /wa/scrm/webSocketConnect/936/fr1pcpta/htmlfile?userName=chentao&c=_jp.adtrfke HTTP/1.1 200 7759 - 3.191 ms
::1 - GET /css/chunk-vendors.9912c9ce.css HTTP/1.1 304 - - 0.596 ms
::1 - GET /config.js HTTP/1.1 304 - - 0.671 ms
::1 - GET /css/index.c8350060.css HTTP/1.1 304 - - 0.535 ms
::1 - GET /js/chunk-vendors.ae2cf7a7.js HTTP/1.1 304 - - 0.419 ms
::1 - GET /js/index.1b5b15cb.js HTTP/1.1 304 - - 0.403 ms
::1 - GET /css/chunk-012ed0e6.230030e9.css HTTP/1.1 304 - - 0.535 ms
::1 - GET /css/chunk-08d74588.123bdb1f.css HTTP/1.1 304 - - 1.563 ms
::1 - GET /css/chunk-12194a25.84118ba7.css HTTP/1.1 304 - - 0.428 ms
::1 - GET /css/chunk-14557120.27f8ec70.css HTTP/1.1 304 - - 0.519 ms
::1 - GET /logo.png HTTP/1.1 304 - - 0.444 ms
::1 - GET /css/chunk-152b655f.bb6ff651.css HTTP/1.1 304 - - 0.473 ms
::1 - GET /css/chunk-332b6904.826b0917.css HTTP/1.1 304 - - 0.475 ms
::1 - GET /css/chunk-34a00b1a.aea3ec03.css HTTP/1.1 304 - - 0.637 ms
::1 - GET /css/chunk-3724587e.fe2c70c8.css HTTP/1.1 304 - - 0.453 ms
::1 - GET /css/chunk-41a252bc.d1d76372.css HTTP/1.1 304 - - 0.562 ms
::1 - GET /css/chunk-443effbc.c64a57b4.css HTTP/1.1 304 - - 1.008 ms
::1 - GET /css/chunk-45e0c06a.a3ff5d41.css HTTP/1.1 304 - - 0.495 ms
::1 - GET /css/chunk-46d2ca3c.e0b20bd5.css HTTP/1.1 304 - - 0.488 ms
::1 - GET /css/chunk-4dab55dd.7700f957.css HTTP/1.1 304 - - 0.792 ms
::1 - GET /css/chunk-4dc66e5b.94b98788.css HTTP/1.1 304 - - 0.485 ms
::1 - GET /css/chunk-59c4e4fb.d11799f9.css HTTP/1.1 304 - - 1.716 ms
::1 - GET /css/chunk-5a0cd13d.49d6632d.css HTTP/1.1 304 - - 0.448 ms
::1 - GET /css/chunk-65d10cdc.aeeb1a91.css HTTP/1.1 304 - - 0.629 ms
::1 - GET /css/chunk-725ab1bd.ac0d53fa.css HTTP/1.1 304 - - 0.411 ms
::1 - GET /css/chunk-7ff57720.eea2c59b.css HTTP/1.1 304 - - 0.559 ms
::1 - GET /css/chunk-85a580da.fdf86cee.css HTTP/1.1 304 - - 0.564 ms
::1 - GET /css/chunk-8c4adfd8.8a64c4a4.css HTTP/1.1 304 - - 0.435 ms
::1 - GET /css/chunk-92f4af2e.60f5db53.css HTTP/1.1 304 - - 0.466 ms
::1 - GET /css/chunk-b375671a.a6ca9291.css HTTP/1.1 304 - - 0.429 ms
::1 - GET /css/chunk-c96d273c.88bb6caf.css HTTP/1.1 304 - - 0.752 ms
::1 - GET /css/chunk-cd362ca8.fe037963.css HTTP/1.1 304 - - 0.445 ms
::1 - GET /css/chunk-ce059820.772664ef.css HTTP/1.1 304 - - 0.431 ms
::1 - GET /css/chunk-e38acdf2.2c477193.css HTTP/1.1 304 - - 0.475 ms
::1 - GET /css/user.26be6dee.css HTTP/1.1 304 - - 0.595 ms
::1 - GET /js/chunk-012ed0e6.adbaf05c.js HTTP/1.1 304 - - 0.450 ms
::1 - GET /js/chunk-08d74588.e49fedf3.js HTTP/1.1 304 - - 1.068 ms
::1 - GET /js/chunk-10b51204.61e1f196.js HTTP/1.1 304 - - 0.527 ms
::1 - GET /js/chunk-12194a25.d3c768af.js HTTP/1.1 304 - - 0.497 ms
::1 - GET /js/chunk-14557120.4c0b6a8a.js HTTP/1.1 304 - - 0.429 ms
::1 - GET /js/chunk-152b655f.8cd5c0ba.js HTTP/1.1 304 - - 0.404 ms
::1 - GET /js/chunk-332b6904.14b7c180.js HTTP/1.1 304 - - 0.413 ms
::1 - GET /js/chunk-34a00b1a.52fd90d9.js HTTP/1.1 304 - - 0.425 ms
::1 - GET /js/chunk-3724587e.ed2775e9.js HTTP/1.1 304 - - 0.407 ms
::1 - GET /js/chunk-41a252bc.3ff4eb33.js HTTP/1.1 304 - - 0.487 ms
::1 - GET /js/chunk-443effbc.035ad518.js HTTP/1.1 304 - - 0.432 ms
::1 - GET /js/chunk-45e0c06a.218da002.js HTTP/1.1 304 - - 0.415 ms
::1 - GET /js/chunk-46d2ca3c.775c5ddd.js HTTP/1.1 304 - - 0.473 ms
::1 - GET /js/chunk-4dab55dd.38338053.js HTTP/1.1 304 - - 0.476 ms
::1 - GET /js/chunk-4dc66e5b.1ff30d52.js HTTP/1.1 304 - - 0.787 ms
::1 - GET /js/chunk-59c4e4fb.cc06b845.js HTTP/1.1 304 - - 1.230 ms
::1 - GET /js/chunk-5a0cd13d.02d5d80b.js HTTP/1.1 304 - - 0.546 ms
::1 - GET /js/chunk-65d10cdc.ba3a9738.js HTTP/1.1 304 - - 0.412 ms
::1 - GET /js/chunk-725ab1bd.89ff26ee.js HTTP/1.1 304 - - 0.453 ms
::1 - GET /js/chunk-7ff57720.854ea6dc.js HTTP/1.1 304 - - 0.556 ms
::1 - GET /js/chunk-85a580da.31f9947c.js HTTP/1.1 304 - - 0.463 ms
::1 - GET /js/chunk-8c4adfd8.cd084037.js HTTP/1.1 304 - - 0.633 ms
::1 - GET /js/chunk-92f4af2e.0a21e196.js HTTP/1.1 304 - - 0.467 ms
::1 - GET /js/chunk-b375671a.2480cc35.js HTTP/1.1 304 - - 0.475 ms
::1 - GET /js/chunk-c96d273c.27a38fdd.js HTTP/1.1 304 - - 0.508 ms
::1 - GET /js/chunk-cd362ca8.b335ae2e.js HTTP/1.1 304 - - 0.813 ms
::1 - GET /js/chunk-ce059820.c37981f1.js HTTP/1.1 304 - - 0.539 ms
::1 - GET /js/chunk-e38acdf2.49ca5c18.js HTTP/1.1 304 - - 0.616 ms
::1 - GET /js/chunk-e6c4958e.17e3daa2.js HTTP/1.1 304 - - 0.480 ms
::1 - GET /js/chunk-eac41bdc.ca4181f7.js HTTP/1.1 304 - - 0.431 ms
::1 - GET /js/lang-zh-CN-account-settings.f8f25eaf.js HTTP/1.1 304 - - 0.500 ms
::1 - GET /js/lang-zh-CN-account.7918313a.js HTTP/1.1 304 - - 0.776 ms
::1 - GET /js/lang-zh-CN-dashboard-analysis.af6b3faa.js HTTP/1.1 304 - - 0.704 ms
::1 - GET /js/lang-zh-CN-dashboard.6bdaa16f.js HTTP/1.1 304 - - 0.631 ms
::1 - GET /js/lang-zh-CN-form-basicForm.ff3088ac.js HTTP/1.1 304 - - 0.587 ms
::1 - GET /js/lang-zh-CN-form.660342d2.js HTTP/1.1 304 - - 1.135 ms
::1 - GET /js/lang-zh-CN-global.bf0df5c8.js HTTP/1.1 304 - - 0.765 ms
::1 - GET /js/lang-zh-CN-menu.ebfccc83.js HTTP/1.1 304 - - 0.811 ms
::1 - GET /js/lang-zh-CN-result-fail.232762aa.js HTTP/1.1 304 - - 0.715 ms
::1 - GET /js/lang-zh-CN-result-success.3519c60c.js HTTP/1.1 304 - - 0.551 ms
::1 - GET /js/lang-zh-CN-result.01aae775.js HTTP/1.1 304 - - 0.535 ms
::1 - GET /js/lang-zh-CN-setting.8c2ce690.js HTTP/1.1 304 - - 0.575 ms
::1 - GET /js/lang-zh-CN-user.84a7d7e3.js HTTP/1.1 304 - - 0.596 ms
::1 - GET /js/lang-zh-CN.c2297c4c.js HTTP/1.1 304 - - 2.151 ms
::1 - GET /js/user.29c129e6.js HTTP/1.1 304 - - 1.295 ms
::1 - GET /wa/scrm/webSocketConnect/iframe.html?userName=chentao HTTP/1.1 404 968 - 5.391 ms
::1 - GET /stylesheets/style.css HTTP/1.1 404 968 - 3.164 ms
::1 - GET /wa/scrm/webSocketConnect/iframe.html?userName=chentao HTTP/1.1 404 968 - 3.252 ms
::1 - GET /wa/scrm/webSocketConnect/936/xkjvjeoe/jsonp?userName=chentao&c=_jp.acwwmmx HTTP/1.1 200 7759 - 0.961 ms
::1 - POST /wa/scrm/webSocketConnect/936/yq5nhlbi/xhr?userName=chentao&t=1675911709234 HTTP/1.1 404 1023 - 3.624 ms
::1 - GET /Empty HTTP/1.1 200 7759 - 3.591 ms
::1 - GET /config.js HTTP/1.1 304 - - 1.789 ms
::1 - GET /css/chunk-vendors.9912c9ce.css HTTP/1.1 304 - - 2.838 ms
::1 - GET /css/index.c8350060.css HTTP/1.1 304 - - 0.633 ms
::1 - GET /js/chunk-vendors.ae2cf7a7.js HTTP/1.1 304 - - 0.520 ms
::1 - GET /js/index.1b5b15cb.js HTTP/1.1 304 - - 0.475 ms
::1 - GET /css/chunk-012ed0e6.230030e9.css HTTP/1.1 304 - - 1.416 ms
::1 - GET /css/chunk-08d74588.123bdb1f.css HTTP/1.1 304 - - 1.406 ms
::1 - GET /css/chunk-12194a25.84118ba7.css HTTP/1.1 304 - - 1.173 ms
::1 - GET /css/chunk-14557120.27f8ec70.css HTTP/1.1 304 - - 1.567 ms
::1 - GET /css/chunk-152b655f.bb6ff651.css HTTP/1.1 304 - - 1.385 ms
::1 - GET /css/chunk-332b6904.826b0917.css HTTP/1.1 304 - - 1.861 ms
::1 - GET /css/chunk-34a00b1a.aea3ec03.css HTTP/1.1 304 - - 1.024 ms
::1 - GET /css/chunk-3724587e.fe2c70c8.css HTTP/1.1 304 - - 0.966 ms
::1 - GET /css/chunk-41a252bc.d1d76372.css HTTP/1.1 304 - - 0.956 ms
::1 - GET /css/chunk-443effbc.c64a57b4.css HTTP/1.1 304 - - 1.782 ms
::1 - GET /css/chunk-45e0c06a.a3ff5d41.css HTTP/1.1 304 - - 1.813 ms
::1 - GET /css/chunk-46d2ca3c.e0b20bd5.css HTTP/1.1 304 - - 0.925 ms
::1 - GET /css/chunk-4dab55dd.7700f957.css HTTP/1.1 304 - - 1.141 ms
::1 - GET /css/chunk-4dc66e5b.94b98788.css HTTP/1.1 304 - - 1.113 ms
::1 - GET /css/chunk-59c4e4fb.d11799f9.css HTTP/1.1 304 - - 1.197 ms
::1 - GET /css/chunk-5a0cd13d.49d6632d.css HTTP/1.1 304 - - 1.926 ms
::1 - GET /css/chunk-65d10cdc.aeeb1a91.css HTTP/1.1 304 - - 0.927 ms
::1 - GET /css/chunk-725ab1bd.ac0d53fa.css HTTP/1.1 304 - - 0.857 ms
::1 - GET /css/chunk-7ff57720.eea2c59b.css HTTP/1.1 304 - - 2.842 ms
::1 - GET /css/chunk-85a580da.fdf86cee.css HTTP/1.1 304 - - 9.236 ms
::1 - GET /css/chunk-8c4adfd8.8a64c4a4.css HTTP/1.1 304 - - 4.066 ms
::1 - GET /css/chunk-92f4af2e.60f5db53.css HTTP/1.1 304 - - 1.379 ms
::1 - GET /css/chunk-b375671a.a6ca9291.css HTTP/1.1 304 - - 1.380 ms
::1 - GET /css/chunk-c96d273c.88bb6caf.css HTTP/1.1 304 - - 1.420 ms
::1 - GET /css/chunk-cd362ca8.fe037963.css HTTP/1.1 304 - - 1.499 ms
::1 - GET /css/chunk-ce059820.772664ef.css HTTP/1.1 304 - - 0.432 ms
::1 - GET /css/chunk-e38acdf2.2c477193.css HTTP/1.1 304 - - 4.107 ms
::1 - GET /css/user.26be6dee.css HTTP/1.1 304 - - 0.412 ms
::1 - GET /js/chunk-012ed0e6.adbaf05c.js HTTP/1.1 304 - - 0.904 ms
::1 - GET /js/chunk-08d74588.e49fedf3.js HTTP/1.1 304 - - 1.011 ms
::1 - GET /js/chunk-10b51204.61e1f196.js HTTP/1.1 304 - - 1.471 ms
::1 - GET /js/chunk-12194a25.d3c768af.js HTTP/1.1 304 - - 0.776 ms
::1 - GET /js/chunk-14557120.4c0b6a8a.js HTTP/1.1 304 - - 0.864 ms
::1 - GET /js/chunk-152b655f.8cd5c0ba.js HTTP/1.1 304 - - 0.626 ms
::1 - GET /js/chunk-332b6904.14b7c180.js HTTP/1.1 304 - - 0.855 ms
::1 - GET /js/chunk-34a00b1a.52fd90d9.js HTTP/1.1 304 - - 1.120 ms
::1 - GET /js/chunk-3724587e.ed2775e9.js HTTP/1.1 304 - - 1.254 ms
::1 - GET /js/chunk-41a252bc.3ff4eb33.js HTTP/1.1 304 - - 3.553 ms
::1 - GET /js/chunk-443effbc.035ad518.js HTTP/1.1 304 - - 1.645 ms
::1 - GET /js/chunk-45e0c06a.218da002.js HTTP/1.1 304 - - 1.481 ms
::1 - GET /js/chunk-46d2ca3c.775c5ddd.js HTTP/1.1 304 - - 1.475 ms
::1 - GET /js/chunk-4dab55dd.38338053.js HTTP/1.1 304 - - 1.130 ms
::1 - GET /js/chunk-4dc66e5b.1ff30d52.js HTTP/1.1 304 - - 1.850 ms
::1 - GET /js/chunk-59c4e4fb.cc06b845.js HTTP/1.1 304 - - 1.000 ms
::1 - GET /js/chunk-5a0cd13d.02d5d80b.js HTTP/1.1 304 - - 1.374 ms
::1 - GET /js/chunk-65d10cdc.ba3a9738.js HTTP/1.1 304 - - 9.639 ms
::1 - GET /js/chunk-725ab1bd.89ff26ee.js HTTP/1.1 304 - - 24.992 ms
::1 - GET /js/chunk-7ff57720.854ea6dc.js HTTP/1.1 304 - - 0.519 ms
::1 - GET /js/chunk-85a580da.31f9947c.js HTTP/1.1 304 - - 0.471 ms
::1 - GET /js/chunk-8c4adfd8.cd084037.js HTTP/1.1 304 - - 0.781 ms
::1 - GET /js/chunk-92f4af2e.0a21e196.js HTTP/1.1 304 - - 0.731 ms
::1 - GET /js/chunk-b375671a.2480cc35.js HTTP/1.1 304 - - 0.552 ms
::1 - GET /js/chunk-c96d273c.27a38fdd.js HTTP/1.1 304 - - 0.421 ms
::1 - GET /js/chunk-cd362ca8.b335ae2e.js HTTP/1.1 304 - - 0.489 ms
::1 - GET /js/chunk-ce059820.c37981f1.js HTTP/1.1 304 - - 2.226 ms
::1 - GET /js/chunk-e38acdf2.49ca5c18.js HTTP/1.1 304 - - 6.467 ms
::1 - GET /js/chunk-e6c4958e.17e3daa2.js HTTP/1.1 304 - - 0.443 ms
::1 - GET /js/chunk-eac41bdc.ca4181f7.js HTTP/1.1 304 - - 0.460 ms
::1 - GET /js/lang-zh-CN-account-settings.f8f25eaf.js HTTP/1.1 304 - - 0.537 ms
::1 - GET /js/lang-zh-CN-dashboard-analysis.af6b3faa.js HTTP/1.1 304 - - 0.552 ms
::1 - GET /js/lang-zh-CN-account.7918313a.js HTTP/1.1 304 - - 4.156 ms
::1 - GET /js/lang-zh-CN-dashboard.6bdaa16f.js HTTP/1.1 304 - - 0.446 ms
::1 - GET /js/lang-zh-CN-form-basicForm.ff3088ac.js HTTP/1.1 304 - - 0.610 ms
::1 - GET /js/lang-zh-CN-form.660342d2.js HTTP/1.1 304 - - 1.020 ms
::1 - GET /js/lang-zh-CN-global.bf0df5c8.js HTTP/1.1 304 - - 0.911 ms
::1 - GET /js/lang-zh-CN-menu.ebfccc83.js HTTP/1.1 304 - - 0.761 ms
::1 - GET /js/lang-zh-CN-result-fail.232762aa.js HTTP/1.1 304 - - 0.516 ms
::1 - GET /js/lang-zh-CN-result-success.3519c60c.js HTTP/1.1 304 - - 0.415 ms
::1 - GET /js/lang-zh-CN-result.01aae775.js HTTP/1.1 304 - - 0.800 ms
::1 - GET /js/lang-zh-CN-setting.8c2ce690.js HTTP/1.1 304 - - 1.100 ms
::1 - GET /js/lang-zh-CN-user.84a7d7e3.js HTTP/1.1 304 - - 0.989 ms
::1 - GET /js/lang-zh-CN.c2297c4c.js HTTP/1.1 304 - - 1.180 ms
::1 - GET /js/user.29c129e6.js HTTP/1.1 304 - - 0.809 ms
::1 - GET /logo.png HTTP/1.1 304 - - 0.510 ms
::1 - GET /assets/logo.b269e1b4.svg HTTP/1.1 304 - - 2.615 ms
::1 - POST /wa/scrm/contacts/list HTTP/1.1 404 1023 - 12.245 ms
::1 - GET /wa/scrm/replyreminder/getOvertimeNotice HTTP/1.1 404 968 - 18.413 ms
::1 - GET /wa/scrm/management/queryAgentByName?username= HTTP/1.1 404 968 - 6.113 ms
::1 - GET /wa/scrm/webSocketConnect/info?userName=chentao&t=1675917400330 HTTP/1.1 200 7759 - 0.859 ms
::1 - GET /wa/scrm/webSocketConnect/445/oh5bpmxw/websocket?userName=chentao HTTP/1.1 404 968 - 3.467 ms
::1 - GET /logo.png HTTP/1.1 304 - - 0.406 ms
::1 - POST /wa/scrm/webSocketConnect/445/fnusrtfu/xhr_streaming?userName=chentao&t=1675917400421 HTTP/1.1 404 1023 - 6.237 ms
::1 - GET /wa/scrm/webSocketConnect/445/ezjvahp0/eventsource?userName=chentao HTTP/1.1 404 968 - 3.970 ms
::1 - GET /wa/scrm/webSocketConnect/iframe.html?userName=chentao HTTP/1.1 404 968 - 3.419 ms
::1 - GET /stylesheets/style.css HTTP/1.1 404 968 - 4.026 ms
::1 - GET /wa/scrm/webSocketConnect/445/tkjbf33i/htmlfile?userName=chentao&c=_jp.a3vc2yd HTTP/1.1 200 7759 - 1.456 ms
::1 - GET /wa/scrm/webSocketConnect/iframe.html?userName=chentao HTTP/1.1 404 968 - 5.140 ms
::1 - GET /stylesheets/style.css HTTP/1.1 404 968 - 4.316 ms
::1 - POST /wa/scrm/webSocketConnect/445/4zb5m1vh/xhr?userName=chentao&t=1675917401314 HTTP/1.1 404 1023 - 4.795 ms
::1 - GET /wa/scrm/webSocketConnect/iframe.html?userName=chentao HTTP/1.1 404 968 - 3.739 ms
::1 - GET /stylesheets/style.css HTTP/1.1 404 968 - 4.660 ms
::1 - GET /wa/scrm/webSocketConnect/445/owot3ta4/jsonp?userName=chentao&c=_jp.awfzq4p HTTP/1.1 200 7759 - 1.293 ms
::1 - GET /wa/scrm/webSocketConnect/info?userName=chentao&t=1675917403248 HTTP/1.1 200 7759 - 0.953 ms
::1 - GET /wa/scrm/webSocketConnect/176/0qoabcub/websocket?userName=chentao HTTP/1.1 404 968 - 5.114 ms
::1 - POST /wa/scrm/webSocketConnect/176/y3ovmlsc/xhr_streaming?userName=chentao&t=1675917403264 HTTP/1.1 404 1023 - 3.163 ms
::1 - GET /wa/scrm/webSocketConnect/176/tvmxng5n/eventsource?userName=chentao HTTP/1.1 404 968 - 2.679 ms
::1 - GET /wa/scrm/webSocketConnect/iframe.html?userName=chentao HTTP/1.1 404 968 - 4.910 ms
::1 - GET /stylesheets/style.css HTTP/1.1 404 968 - 3.527 ms
::1 - GET /wa/scrm/webSocketConnect/176/2cenzizb/htmlfile?userName=chentao&c=_jp.aogazyz HTTP/1.1 200 7759 - 1.349 ms
::1 - GET /wa/scrm/webSocketConnect/iframe.html?userName=chentao HTTP/1.1 404 968 - 6.831 ms
::1 - POST /wa/scrm/webSocketConnect/176/30tqa0s1/xhr?userName=chentao&t=1675917403919 HTTP/1.1 404 1023 - 3.333 ms
::1 - GET /wa/scrm/webSocketConnect/iframe.html?userName=chentao HTTP/1.1 404 968 - 2.891 ms
::1 - GET /stylesheets/style.css HTTP/1.1 404 968 - 2.803 ms
::1 - GET /wa/scrm/webSocketConnect/176/euzizvjs/jsonp?userName=chentao&c=_jp.atlda5z HTTP/1.1 200 7759 - 8.952 ms
::ffff:10.13.9.37 - GET /admins/dynamic-match/1 HTTP/1.1 200 7759 - 4.124 ms
::ffff:10.13.9.37 - GET /config.js HTTP/1.1 200 709 - 1.989 ms
::ffff:10.13.9.37 - GET /js/index.1b5b15cb.js HTTP/1.1 200 111031 - 25.328 ms
::ffff:10.13.9.37 - GET /css/index.c8350060.css HTTP/1.1 200 63970 - 46.191 ms
::ffff:10.13.9.37 - GET /css/chunk-vendors.9912c9ce.css HTTP/1.1 200 541085 - 16.369 ms
::ffff:10.13.9.37 - GET /js/chunk-vendors.ae2cf7a7.js HTTP/1.1 200 2998063 - 35.367 ms
::ffff:10.13.9.37 - GET /css/chunk-012ed0e6.230030e9.css HTTP/1.1 200 1911 - 16.352 ms
::ffff:10.13.9.37 - GET /css/chunk-08d74588.123bdb1f.css HTTP/1.1 200 828 - 27.321 ms
::ffff:10.13.9.37 - GET /css/chunk-332b6904.826b0917.css HTTP/1.1 200 322 - 9.051 ms
::ffff:10.13.9.37 - GET /css/chunk-12194a25.84118ba7.css HTTP/1.1 200 3621 - 32.458 ms
::ffff:10.13.9.37 - GET /css/chunk-14557120.27f8ec70.css HTTP/1.1 200 1286 - 35.777 ms
::ffff:10.13.9.37 - GET /css/chunk-34a00b1a.aea3ec03.css HTTP/1.1 200 1913 - 24.103 ms
::ffff:10.13.9.37 - GET /css/chunk-3724587e.fe2c70c8.css HTTP/1.1 200 810 - 23.906 ms
::ffff:10.13.9.37 - GET /css/chunk-152b655f.bb6ff651.css HTTP/1.1 200 8496 - 53.892 ms
::ffff:10.13.9.37 - GET /css/chunk-443effbc.c64a57b4.css HTTP/1.1 200 2287 - 15.386 ms
::ffff:10.13.9.37 - GET /css/chunk-41a252bc.d1d76372.css HTTP/1.1 200 3336 - 27.510 ms
::ffff:10.13.9.37 - GET /css/chunk-45e0c06a.a3ff5d41.css HTTP/1.1 200 1849 - 11.180 ms
::ffff:10.13.9.37 - GET /css/chunk-46d2ca3c.e0b20bd5.css HTTP/1.1 200 691 - 9.930 ms
::ffff:10.13.9.37 - GET /css/chunk-5a0cd13d.49d6632d.css HTTP/1.1 200 - - 3.543 ms
::ffff:10.13.9.37 - GET /css/chunk-4dab55dd.7700f957.css HTTP/1.1 200 837 - 10.693 ms
::ffff:10.13.9.37 - GET /css/chunk-4dc66e5b.94b98788.css HTTP/1.1 200 1451 - 6.120 ms
::ffff:10.13.9.37 - GET /css/chunk-59c4e4fb.d11799f9.css HTTP/1.1 200 3353 - 7.355 ms
::ffff:10.13.9.37 - GET /css/chunk-65d10cdc.aeeb1a91.css HTTP/1.1 200 2526 - 13.454 ms
::ffff:10.13.9.37 - GET /css/chunk-725ab1bd.ac0d53fa.css HTTP/1.1 200 678 - 13.788 ms
::ffff:10.13.9.37 - GET /css/chunk-7ff57720.eea2c59b.css HTTP/1.1 200 3441 - 9.100 ms
::ffff:10.13.9.37 - GET /css/chunk-85a580da.fdf86cee.css HTTP/1.1 200 1323 - 8.284 ms
::ffff:10.13.9.37 - GET /css/chunk-92f4af2e.60f5db53.css HTTP/1.1 200 72 - 5.097 ms
::ffff:10.13.9.37 - GET /css/chunk-8c4adfd8.8a64c4a4.css HTTP/1.1 200 2274 - 9.483 ms
::ffff:10.13.9.37 - GET /css/chunk-b375671a.a6ca9291.css HTTP/1.1 200 737 - 4.132 ms
::ffff:10.13.9.37 - GET /css/chunk-c96d273c.88bb6caf.css HTTP/1.1 200 6906 - 3.772 ms
::ffff:10.13.9.37 - GET /css/chunk-cd362ca8.fe037963.css HTTP/1.1 200 2751 - 4.139 ms
::ffff:10.13.9.37 - GET /css/chunk-e38acdf2.2c477193.css HTTP/1.1 200 720 - 4.650 ms
::ffff:10.13.9.37 - GET /css/chunk-ce059820.772664ef.css HTTP/1.1 200 5527 - 7.959 ms
::ffff:10.13.9.37 - GET /js/chunk-012ed0e6.adbaf05c.js HTTP/1.1 200 7388 - 8.355 ms
::ffff:10.13.9.37 - GET /js/chunk-08d74588.e49fedf3.js HTTP/1.1 200 6015 - 7.911 ms
::ffff:10.13.9.37 - GET /js/chunk-14557120.4c0b6a8a.js HTTP/1.1 200 15964 - 19.663 ms
::ffff:10.13.9.37 - GET /css/user.26be6dee.css HTTP/1.1 200 878 - 35.473 ms
::ffff:10.13.9.37 - GET /js/chunk-332b6904.14b7c180.js HTTP/1.1 200 2935 - 21.006 ms
::ffff:10.13.9.37 - GET /js/chunk-12194a25.d3c768af.js HTTP/1.1 200 5439 - 32.213 ms
::ffff:10.13.9.37 - GET /js/chunk-3724587e.ed2775e9.js HTTP/1.1 200 8352 - 14.004 ms
::ffff:10.13.9.37 - GET /js/chunk-34a00b1a.52fd90d9.js HTTP/1.1 200 16184 - 22.853 ms
::ffff:10.13.9.37 - GET /js/chunk-152b655f.8cd5c0ba.js HTTP/1.1 200 24452 - 46.115 ms
::ffff:10.13.9.37 - GET /js/chunk-443effbc.035ad518.js HTTP/1.1 200 22909 - 26.556 ms
::ffff:10.13.9.37 - GET /js/chunk-41a252bc.3ff4eb33.js HTTP/1.1 200 14637 - 35.948 ms
::ffff:10.13.9.37 - GET /js/chunk-10b51204.61e1f196.js HTTP/1.1 200 1126768 - 18.834 ms
::ffff:10.13.9.37 - GET /js/chunk-4dab55dd.38338053.js HTTP/1.1 200 5405 - 16.719 ms
::ffff:10.13.9.37 - GET /js/chunk-45e0c06a.218da002.js HTTP/1.1 200 13704 - 25.353 ms
::ffff:10.13.9.37 - GET /js/chunk-46d2ca3c.775c5ddd.js HTTP/1.1 200 10074 - 29.534 ms
::ffff:10.13.9.37 - GET /js/chunk-5a0cd13d.02d5d80b.js HTTP/1.1 200 852 - 3.255 ms
::ffff:10.13.9.37 - GET /js/chunk-4dc66e5b.1ff30d52.js HTTP/1.1 200 13353 - 22.756 ms
::ffff:10.13.9.37 - GET /js/chunk-725ab1bd.89ff26ee.js HTTP/1.1 200 7568 - 4.689 ms
::ffff:10.13.9.37 - GET /js/chunk-65d10cdc.ba3a9738.js HTTP/1.1 200 12191 - 11.336 ms
::ffff:10.13.9.37 - GET /js/chunk-7ff57720.854ea6dc.js HTTP/1.1 200 20582 - 17.527 ms
::ffff:10.13.9.37 - GET /js/chunk-92f4af2e.0a21e196.js HTTP/1.1 200 533 - 6.836 ms
::ffff:10.13.9.37 - GET /js/chunk-b375671a.2480cc35.js HTTP/1.1 200 7268 - 10.521 ms
::ffff:10.13.9.37 - GET /js/chunk-85a580da.31f9947c.js HTTP/1.1 200 9723 - 26.703 ms
::ffff:10.13.9.37 - GET /js/chunk-8c4adfd8.cd084037.js HTTP/1.1 200 13659 - 30.459 ms
::ffff:10.13.9.37 - GET /js/chunk-c96d273c.27a38fdd.js HTTP/1.1 200 16880 - 21.927 ms
::ffff:10.13.9.37 - GET /js/chunk-cd362ca8.b335ae2e.js HTTP/1.1 200 21533 - 31.470 ms
::ffff:10.13.9.37 - GET /js/chunk-ce059820.c37981f1.js HTTP/1.1 200 11506 - 38.301 ms
::ffff:10.13.9.37 - GET /js/chunk-59c4e4fb.cc06b845.js HTTP/1.1 200 48390 - 112.214 ms
::ffff:10.13.9.37 - GET /js/lang-zh-CN-account-settings.f8f25eaf.js HTTP/1.1 200 3386 - 35.936 ms
::ffff:10.13.9.37 - GET /js/lang-zh-CN-account.7918313a.js HTTP/1.1 200 3524 - 32.134 ms
::ffff:10.13.9.37 - GET /js/lang-zh-CN-dashboard-analysis.af6b3faa.js HTTP/1.1 200 1806 - 18.732 ms
::ffff:10.13.9.37 - GET /js/lang-zh-CN-dashboard.6bdaa16f.js HTTP/1.1 200 1944 - 25.359 ms
::ffff:10.13.9.37 - GET /js/lang-zh-CN-form-basicForm.ff3088ac.js HTTP/1.1 200 3289 - 24.262 ms
::ffff:10.13.9.37 - GET /js/lang-zh-CN-form.660342d2.js HTTP/1.1 200 3424 - 19.593 ms
::ffff:10.13.9.37 - GET /js/lang-zh-CN-global.bf0df5c8.js HTTP/1.1 200 223 - 12.365 ms
::ffff:10.13.9.37 - GET /js/lang-zh-CN-menu.ebfccc83.js HTTP/1.1 200 1572 - 23.776 ms
::ffff:10.13.9.37 - GET /js/lang-zh-CN-result-fail.232762aa.js HTTP/1.1 200 608 - 24.292 ms
::ffff:10.13.9.37 - GET /js/lang-zh-CN-result-success.3519c60c.js HTTP/1.1 200 1107 - 35.008 ms
::ffff:10.13.9.37 - GET /js/lang-zh-CN-result.01aae775.js HTTP/1.1 200 1827 - 24.567 ms
::ffff:10.13.9.37 - GET /js/lang-zh-CN-setting.8c2ce690.js HTTP/1.1 200 1428 - 22.146 ms
::ffff:10.13.9.37 - GET /js/chunk-eac41bdc.ca4181f7.js HTTP/1.1 200 531465 - 36.893 ms
::ffff:10.13.9.37 - GET /js/lang-zh-CN-user.84a7d7e3.js HTTP/1.1 200 2428 - 23.189 ms
::ffff:10.13.9.37 - GET /js/lang-zh-CN.c2297c4c.js HTTP/1.1 200 18328 - 23.970 ms
::ffff:10.13.9.37 - GET /js/user.29c129e6.js HTTP/1.1 200 7961 - 36.269 ms
::ffff:10.13.9.37 - GET /js/chunk-e38acdf2.49ca5c18.js HTTP/1.1 200 1297582 - 43.211 ms
::ffff:10.13.9.37 - GET /js/chunk-e6c4958e.17e3daa2.js HTTP/1.1 200 947728 - 60.534 ms
::ffff:10.13.9.37 - GET /logo.png HTTP/1.1 200 131923 - 18.623 ms
::ffff:10.13.9.37 - GET /publicity/facebook.png HTTP/1.1 200 522 - 3.520 ms
::ffff:10.13.9.37 - GET /publicity/OTP-msg.png HTTP/1.1 200 5002 - 4.143 ms
::ffff:10.13.9.37 - GET /publicity/facebook.svg HTTP/1.1 200 3396 - 11.627 ms
::ffff:10.13.9.37 - GET /publicity/WhatsApp.svg HTTP/1.1 200 11037 - 11.855 ms
::ffff:10.13.9.37 - GET /publicity/WhatsApp-hero.png HTTP/1.1 200 244970 - 14.161 ms
::ffff:10.13.9.37 - GET /logo.png HTTP/1.1 304 - - 0.949 ms
::1 - GET / HTTP/1.1 200 7759 - 9.766 ms
::1 - GET /config.js HTTP/1.1 304 - - 0.580 ms
::1 - GET /css/chunk-vendors.9912c9ce.css HTTP/1.1 304 - - 0.477 ms
::1 - GET /css/index.c8350060.css HTTP/1.1 304 - - 1.850 ms
::1 - GET /js/chunk-vendors.ae2cf7a7.js HTTP/1.1 304 - - 4.100 ms
::1 - GET /js/index.1b5b15cb.js HTTP/1.1 304 - - 4.035 ms
::1 - GET /css/chunk-012ed0e6.230030e9.css HTTP/1.1 304 - - 0.417 ms
::1 - GET /css/chunk-08d74588.123bdb1f.css HTTP/1.1 304 - - 1.069 ms
::1 - GET /css/chunk-12194a25.84118ba7.css HTTP/1.1 304 - - 0.927 ms
::1 - GET /css/chunk-152b655f.bb6ff651.css HTTP/1.1 304 - - 1.837 ms
::1 - GET /css/chunk-14557120.27f8ec70.css HTTP/1.1 304 - - 3.606 ms
::1 - GET /css/chunk-332b6904.826b0917.css HTTP/1.1 304 - - 4.831 ms
::1 - GET /css/chunk-34a00b1a.aea3ec03.css HTTP/1.1 304 - - 4.776 ms
::1 - GET /css/chunk-3724587e.fe2c70c8.css HTTP/1.1 304 - - 0.516 ms
::1 - GET /css/chunk-41a252bc.d1d76372.css HTTP/1.1 304 - - 3.912 ms
::1 - GET /css/chunk-443effbc.c64a57b4.css HTTP/1.1 304 - - 3.601 ms
::1 - GET /css/chunk-45e0c06a.a3ff5d41.css HTTP/1.1 304 - - 3.768 ms
::1 - GET /css/chunk-46d2ca3c.e0b20bd5.css HTTP/1.1 304 - - 3.774 ms
::1 - GET /css/chunk-4dab55dd.7700f957.css HTTP/1.1 304 - - 3.320 ms
::1 - GET /css/chunk-4dc66e5b.94b98788.css HTTP/1.1 304 - - 0.521 ms
::1 - GET /css/chunk-59c4e4fb.d11799f9.css HTTP/1.1 304 - - 2.321 ms
::1 - GET /css/chunk-5a0cd13d.49d6632d.css HTTP/1.1 304 - - 0.446 ms
::1 - GET /css/chunk-65d10cdc.aeeb1a91.css HTTP/1.1 304 - - 0.495 ms
::1 - GET /css/chunk-725ab1bd.ac0d53fa.css HTTP/1.1 304 - - 0.408 ms
::1 - GET /css/chunk-7ff57720.eea2c59b.css HTTP/1.1 304 - - 0.501 ms
::1 - GET /css/chunk-85a580da.fdf86cee.css HTTP/1.1 304 - - 0.545 ms
::1 - GET /css/chunk-8c4adfd8.8a64c4a4.css HTTP/1.1 304 - - 4.041 ms
::1 - GET /css/chunk-92f4af2e.60f5db53.css HTTP/1.1 304 - - 0.492 ms
::1 - GET /css/chunk-b375671a.a6ca9291.css HTTP/1.1 304 - - 1.826 ms
::1 - GET /css/chunk-c96d273c.88bb6caf.css HTTP/1.1 304 - - 1.696 ms
::1 - GET /css/chunk-cd362ca8.fe037963.css HTTP/1.1 304 - - 1.362 ms
::1 - GET /css/chunk-ce059820.772664ef.css HTTP/1.1 304 - - 0.698 ms
::1 - GET /css/chunk-e38acdf2.2c477193.css HTTP/1.1 304 - - 0.868 ms
::1 - GET /css/user.26be6dee.css HTTP/1.1 304 - - 0.409 ms
::1 - GET /js/chunk-012ed0e6.adbaf05c.js HTTP/1.1 304 - - 3.487 ms
::1 - GET /js/chunk-08d74588.e49fedf3.js HTTP/1.1 304 - - 3.415 ms
::1 - GET /js/chunk-10b51204.61e1f196.js HTTP/1.1 304 - - 1.863 ms
::1 - GET /js/chunk-12194a25.d3c768af.js HTTP/1.1 304 - - 1.686 ms
::1 - GET /js/chunk-14557120.4c0b6a8a.js HTTP/1.1 304 - - 1.635 ms
::1 - GET /js/chunk-152b655f.8cd5c0ba.js HTTP/1.1 304 - - 1.596 ms
::1 - GET /js/chunk-332b6904.14b7c180.js HTTP/1.1 304 - - 1.933 ms
::1 - GET /js/chunk-34a00b1a.52fd90d9.js HTTP/1.1 304 - - 2.611 ms
::1 - GET /js/chunk-3724587e.ed2775e9.js HTTP/1.1 304 - - 2.565 ms
::1 - GET /js/chunk-41a252bc.3ff4eb33.js HTTP/1.1 304 - - 2.110 ms
::1 - GET /js/chunk-443effbc.035ad518.js HTTP/1.1 304 - - 2.033 ms
::1 - GET /js/chunk-45e0c06a.218da002.js HTTP/1.1 304 - - 0.506 ms
::1 - GET /js/chunk-46d2ca3c.775c5ddd.js HTTP/1.1 304 - - 0.702 ms
::1 - GET /js/chunk-4dab55dd.38338053.js HTTP/1.1 304 - - 1.715 ms
::1 - GET /js/chunk-4dc66e5b.1ff30d52.js HTTP/1.1 304 - - 1.008 ms
::1 - GET /js/chunk-59c4e4fb.cc06b845.js HTTP/1.1 304 - - 3.110 ms
::1 - GET /js/chunk-5a0cd13d.02d5d80b.js HTTP/1.1 304 - - 0.391 ms
::1 - GET /js/chunk-65d10cdc.ba3a9738.js HTTP/1.1 304 - - 0.689 ms
::1 - GET /js/chunk-725ab1bd.89ff26ee.js HTTP/1.1 304 - - 0.547 ms
::1 - GET /js/chunk-7ff57720.854ea6dc.js HTTP/1.1 304 - - 0.919 ms
::1 - GET /js/chunk-85a580da.31f9947c.js HTTP/1.1 304 - - 0.706 ms
::1 - GET /js/chunk-8c4adfd8.cd084037.js HTTP/1.1 304 - - 0.704 ms
::1 - GET /js/chunk-b375671a.2480cc35.js HTTP/1.1 304 - - 0.721 ms
::1 - GET /js/chunk-92f4af2e.0a21e196.js HTTP/1.1 304 - - 0.541 ms
::1 - GET /js/chunk-c96d273c.27a38fdd.js HTTP/1.1 304 - - 0.463 ms
::1 - GET /js/chunk-cd362ca8.b335ae2e.js HTTP/1.1 304 - - 0.627 ms
::1 - GET /js/chunk-ce059820.c37981f1.js HTTP/1.1 304 - - 1.574 ms
::1 - GET /js/chunk-e38acdf2.49ca5c18.js HTTP/1.1 304 - - 0.715 ms
::1 - GET /js/chunk-e6c4958e.17e3daa2.js HTTP/1.1 304 - - 0.716 ms
::1 - GET /js/chunk-eac41bdc.ca4181f7.js HTTP/1.1 304 - - 0.828 ms
::1 - GET /js/lang-zh-CN-account-settings.f8f25eaf.js HTTP/1.1 304 - - 0.515 ms
::1 - GET /js/lang-zh-CN-account.7918313a.js HTTP/1.1 304 - - 0.463 ms
::1 - GET /js/lang-zh-CN-dashboard-analysis.af6b3faa.js HTTP/1.1 304 - - 0.541 ms
::1 - GET /js/lang-zh-CN-dashboard.6bdaa16f.js HTTP/1.1 304 - - 0.931 ms
::1 - GET /js/lang-zh-CN-form-basicForm.ff3088ac.js HTTP/1.1 304 - - 0.940 ms
::1 - GET /js/lang-zh-CN-form.660342d2.js HTTP/1.1 304 - - 1.266 ms
::1 - GET /js/lang-zh-CN-global.bf0df5c8.js HTTP/1.1 304 - - 1.767 ms
::1 - GET /js/lang-zh-CN-menu.ebfccc83.js HTTP/1.1 304 - - 1.856 ms
::1 - GET /js/lang-zh-CN-result-fail.232762aa.js HTTP/1.1 304 - - 2.307 ms
::1 - GET /js/lang-zh-CN-result-success.3519c60c.js HTTP/1.1 304 - - 0.702 ms
::1 - GET /js/lang-zh-CN-result.01aae775.js HTTP/1.1 304 - - 0.444 ms
::1 - GET /js/lang-zh-CN-setting.8c2ce690.js HTTP/1.1 304 - - 1.291 ms
::1 - GET /js/lang-zh-CN-user.84a7d7e3.js HTTP/1.1 304 - - 1.342 ms
::1 - GET /js/lang-zh-CN.c2297c4c.js HTTP/1.1 304 - - 1.140 ms
::1 - GET /js/user.29c129e6.js HTTP/1.1 304 - - 0.489 ms
::1 - GET /logo.png HTTP/1.1 304 - - 0.993 ms
::1 - GET /assets/logo.b269e1b4.svg HTTP/1.1 200 225 - 0.719 ms
::1 - POST /wa/scrm/contacts/list HTTP/1.1 404 1023 - 19.607 ms
::1 - GET /wa/scrm/replyreminder/getOvertimeNotice HTTP/1.1 404 968 - 33.142 ms
::1 - GET /wa/scrm/management/queryAgentByName?username= HTTP/1.1 404 968 - 20.981 ms
::1 - GET /wa/scrm/webSocketConnect/info?userName=chentao&t=1675927223497 HTTP/1.1 200 7759 - 10.556 ms
::1 - GET /wa/scrm/webSocketConnect/304/2n0v4vsm/websocket?userName=chentao HTTP/1.1 404 968 - 13.575 ms
::1 - POST /wa/scrm/webSocketConnect/304/ajd0xeit/xhr_streaming?userName=chentao&t=1675927223597 HTTP/1.1 404 1023 - 14.774 ms
::1 - GET /wa/scrm/webSocketConnect/304/lanotx23/eventsource?userName=chentao HTTP/1.1 404 968 - 15.030 ms
::1 - GET /wa/scrm/webSocketConnect/iframe.html?userName=chentao HTTP/1.1 404 968 - 12.118 ms
::1 - GET /stylesheets/style.css HTTP/1.1 404 968 - 4.156 ms
::1 - GET /wa/scrm/webSocketConnect/304/0ijqb5a5/htmlfile?userName=chentao&c=_jp.axizwuv HTTP/1.1 200 7759 - 0.905 ms
::1 - GET /config.js HTTP/1.1 304 - - 0.866 ms
::1 - GET /css/chunk-vendors.9912c9ce.css HTTP/1.1 304 - - 0.882 ms
::1 - GET /css/index.c8350060.css HTTP/1.1 304 - - 0.868 ms
::1 - GET /js/chunk-vendors.ae2cf7a7.js HTTP/1.1 304 - - 0.873 ms
::1 - GET /js/index.1b5b15cb.js HTTP/1.1 304 - - 0.916 ms
::1 - GET /wa/scrm/webSocketConnect/iframe.html?userName=chentao HTTP/1.1 404 968 - 8.119 ms
::1 - GET /css/chunk-012ed0e6.230030e9.css HTTP/1.1 304 - - 0.592 ms
::1 - GET /css/chunk-08d74588.123bdb1f.css HTTP/1.1 304 - - 0.539 ms
::1 - GET /css/chunk-12194a25.84118ba7.css HTTP/1.1 304 - - 2.005 ms
::1 - GET /css/chunk-14557120.27f8ec70.css HTTP/1.1 304 - - 3.161 ms
::1 - GET /css/chunk-332b6904.826b0917.css HTTP/1.1 304 - - 1.293 ms
::1 - GET /css/chunk-152b655f.bb6ff651.css HTTP/1.1 304 - - 2.387 ms
::1 - GET /css/chunk-34a00b1a.aea3ec03.css HTTP/1.1 304 - - 0.581 ms
::1 - GET /css/chunk-3724587e.fe2c70c8.css HTTP/1.1 304 - - 0.553 ms
::1 - GET /css/chunk-41a252bc.d1d76372.css HTTP/1.1 304 - - 0.477 ms
::1 - GET /css/chunk-443effbc.c64a57b4.css HTTP/1.1 304 - - 0.844 ms
::1 - GET /css/chunk-45e0c06a.a3ff5d41.css HTTP/1.1 304 - - 1.785 ms
::1 - GET /css/chunk-46d2ca3c.e0b20bd5.css HTTP/1.1 304 - - 3.079 ms
::1 - GET /css/chunk-4dab55dd.7700f957.css HTTP/1.1 304 - - 1.482 ms
::1 - GET /css/chunk-4dc66e5b.94b98788.css HTTP/1.1 304 - - 1.444 ms
::1 - GET /css/chunk-59c4e4fb.d11799f9.css HTTP/1.1 304 - - 0.364 ms
::1 - GET /css/chunk-5a0cd13d.49d6632d.css HTTP/1.1 304 - - 0.640 ms
::1 - GET /css/chunk-65d10cdc.aeeb1a91.css HTTP/1.1 304 - - 0.548 ms
::1 - GET /css/chunk-725ab1bd.ac0d53fa.css HTTP/1.1 304 - - 1.521 ms
::1 - GET /css/chunk-7ff57720.eea2c59b.css HTTP/1.1 304 - - 1.133 ms
::1 - GET /css/chunk-85a580da.fdf86cee.css HTTP/1.1 304 - - 1.105 ms
::1 - GET /css/chunk-8c4adfd8.8a64c4a4.css HTTP/1.1 304 - - 2.991 ms
::1 - GET /css/chunk-92f4af2e.60f5db53.css HTTP/1.1 304 - - 1.770 ms
::1 - GET /css/chunk-b375671a.a6ca9291.css HTTP/1.1 304 - - 0.691 ms
::1 - GET /css/chunk-c96d273c.88bb6caf.css HTTP/1.1 304 - - 3.128 ms
::1 - GET /css/chunk-cd362ca8.fe037963.css HTTP/1.1 304 - - 2.751 ms
::1 - GET /css/chunk-ce059820.772664ef.css HTTP/1.1 304 - - 2.469 ms
::1 - GET /css/chunk-e38acdf2.2c477193.css HTTP/1.1 304 - - 1.989 ms
::1 - GET /css/user.26be6dee.css HTTP/1.1 304 - - 5.075 ms
::1 - GET /js/chunk-012ed0e6.adbaf05c.js HTTP/1.1 304 - - 6.108 ms
::1 - GET /js/chunk-08d74588.e49fedf3.js HTTP/1.1 304 - - 3.132 ms
::1 - GET /js/chunk-10b51204.61e1f196.js HTTP/1.1 304 - - 3.248 ms
::1 - GET /js/chunk-12194a25.d3c768af.js HTTP/1.1 304 - - 2.117 ms
::1 - GET /js/chunk-14557120.4c0b6a8a.js HTTP/1.1 304 - - 1.947 ms
::1 - GET /js/chunk-152b655f.8cd5c0ba.js HTTP/1.1 304 - - 1.650 ms
::1 - GET /js/chunk-332b6904.14b7c180.js HTTP/1.1 304 - - 0.396 ms
::1 - GET /js/chunk-34a00b1a.52fd90d9.js HTTP/1.1 304 - - 0.524 ms
::1 - GET /js/chunk-3724587e.ed2775e9.js HTTP/1.1 304 - - 1.097 ms
::1 - GET /js/chunk-41a252bc.3ff4eb33.js HTTP/1.1 304 - - 1.738 ms
::1 - GET /js/chunk-443effbc.035ad518.js HTTP/1.1 304 - - 1.176 ms
::1 - GET /js/chunk-45e0c06a.218da002.js HTTP/1.1 304 - - 1.846 ms
::1 - GET /js/chunk-46d2ca3c.775c5ddd.js HTTP/1.1 304 - - 0.554 ms
::1 - GET /js/chunk-4dab55dd.38338053.js HTTP/1.1 304 - - 0.624 ms
::1 - GET /js/chunk-4dc66e5b.1ff30d52.js HTTP/1.1 304 - - 0.617 ms
::1 - GET /js/chunk-59c4e4fb.cc06b845.js HTTP/1.1 304 - - 0.945 ms
::1 - GET /js/chunk-5a0cd13d.02d5d80b.js HTTP/1.1 304 - - 0.923 ms
::1 - GET /js/chunk-65d10cdc.ba3a9738.js HTTP/1.1 304 - - 0.869 ms
::1 - GET /js/chunk-725ab1bd.89ff26ee.js HTTP/1.1 304 - - 0.499 ms
::1 - GET /js/chunk-7ff57720.854ea6dc.js HTTP/1.1 304 - - 1.691 ms
::1 - GET /js/chunk-85a580da.31f9947c.js HTTP/1.1 304 - - 0.632 ms
::1 - GET /js/chunk-8c4adfd8.cd084037.js HTTP/1.1 304 - - 0.657 ms
::1 - GET /js/chunk-92f4af2e.0a21e196.js HTTP/1.1 304 - - 0.406 ms
::1 - GET /js/chunk-b375671a.2480cc35.js HTTP/1.1 304 - - 0.419 ms
::1 - GET /js/chunk-c96d273c.27a38fdd.js HTTP/1.1 304 - - 0.671 ms
::1 - GET /js/chunk-cd362ca8.b335ae2e.js HTTP/1.1 304 - - 0.915 ms
::1 - GET /js/chunk-ce059820.c37981f1.js HTTP/1.1 304 - - 2.039 ms
::1 - GET /js/chunk-e38acdf2.49ca5c18.js HTTP/1.1 304 - - 1.542 ms
::1 - GET /js/chunk-e6c4958e.17e3daa2.js HTTP/1.1 304 - - 1.743 ms
::1 - GET /js/chunk-eac41bdc.ca4181f7.js HTTP/1.1 304 - - 0.989 ms
::1 - GET /js/lang-zh-CN-account-settings.f8f25eaf.js HTTP/1.1 304 - - 0.973 ms
::1 - GET /js/lang-zh-CN-account.7918313a.js HTTP/1.1 304 - - 0.508 ms
::1 - GET /js/lang-zh-CN-dashboard-analysis.af6b3faa.js HTTP/1.1 304 - - 0.413 ms
::1 - GET /js/lang-zh-CN-dashboard.6bdaa16f.js HTTP/1.1 304 - - 0.521 ms
::1 - GET /js/lang-zh-CN-form-basicForm.ff3088ac.js HTTP/1.1 304 - - 0.514 ms
::1 - GET /js/lang-zh-CN-form.660342d2.js HTTP/1.1 304 - - 0.989 ms
::1 - GET /js/lang-zh-CN-global.bf0df5c8.js HTTP/1.1 304 - - 0.494 ms
::1 - GET /js/lang-zh-CN-menu.ebfccc83.js HTTP/1.1 304 - - 0.922 ms
::1 - GET /js/lang-zh-CN-result-fail.232762aa.js HTTP/1.1 304 - - 1.717 ms
::1 - GET /js/lang-zh-CN-result-success.3519c60c.js HTTP/1.1 304 - - 2.206 ms
::1 - GET /js/lang-zh-CN-result.01aae775.js HTTP/1.1 304 - - 0.654 ms
::1 - GET /js/lang-zh-CN-setting.8c2ce690.js HTTP/1.1 304 - - 0.622 ms
::1 - GET /js/lang-zh-CN-user.84a7d7e3.js HTTP/1.1 304 - - 0.776 ms
::1 - GET /js/lang-zh-CN.c2297c4c.js HTTP/1.1 304 - - 0.567 ms
::1 - GET /js/user.29c129e6.js HTTP/1.1 304 - - 1.119 ms
::1 - GET /logo.png HTTP/1.1 304 - - 0.475 ms
::1 - GET /stylesheets/style.css HTTP/1.1 404 968 - 9.145 ms
::1 - POST /wa/scrm/webSocketConnect/304/zwveernz/xhr?userName=chentao&t=1675927225001 HTTP/1.1 404 1023 - 11.452 ms
::1 - GET /wa/scrm/webSocketConnect/iframe.html?userName=chentao HTTP/1.1 404 968 - 4.543 ms
::1 - GET /stylesheets/style.css HTTP/1.1 404 968 - 9.510 ms
::1 - GET /wa/scrm/webSocketConnect/304/nvku5hnz/jsonp?userName=chentao&c=_jp.ak3hxov HTTP/1.1 200 7759 - 1.149 ms
::1 - GET /wa/scrm/webSocketConnect/info?userName=chentao&t=1675927226154 HTTP/1.1 200 7759 - 1.406 ms
::1 - GET /wa/scrm/webSocketConnect/465/gugr0i5i/websocket?userName=chentao HTTP/1.1 404 968 - 11.360 ms
::1 - POST /wa/scrm/webSocketConnect/465/hpaysrog/xhr_streaming?userName=chentao&t=1675927226183 HTTP/1.1 404 1023 - 7.124 ms
::1 - GET /wa/scrm/webSocketConnect/465/c4ibuk04/eventsource?userName=chentao HTTP/1.1 404 968 - 3.661 ms
::1 - GET /wa/scrm/webSocketConnect/iframe.html?userName=chentao HTTP/1.1 404 968 - 14.844 ms
::1 - GET /stylesheets/style.css HTTP/1.1 404 968 - 6.058 ms
::1 - GET /wa/scrm/webSocketConnect/465/z0njvdpq/htmlfile?userName=chentao&c=_jp.a5zfolb HTTP/1.1 200 7759 - 1.171 ms
::1 - GET /config.js HTTP/1.1 304 - - 0.947 ms
::1 - GET /css/chunk-vendors.9912c9ce.css HTTP/1.1 304 - - 0.699 ms
::1 - GET /css/index.c8350060.css HTTP/1.1 304 - - 1.373 ms
::1 - GET /js/chunk-vendors.ae2cf7a7.js HTTP/1.1 304 - - 1.377 ms
::1 - GET /js/index.1b5b15cb.js HTTP/1.1 304 - - 1.464 ms
::1 - GET /wa/scrm/webSocketConnect/iframe.html?userName=chentao HTTP/1.1 404 968 - 3.564 ms
::1 - POST /wa/scrm/webSocketConnect/465/g5lujuis/xhr?userName=chentao&t=1675927226907 HTTP/1.1 404 1023 - 3.912 ms
::1 - GET /wa/scrm/webSocketConnect/iframe.html?userName=chentao HTTP/1.1 404 968 - 6.558 ms
::1 - GET /stylesheets/style.css HTTP/1.1 404 968 - 8.414 ms
::1 - GET /wa/scrm/webSocketConnect/465/w1w1o4o1/jsonp?userName=chentao&c=_jp.a4yrjza HTTP/1.1 200 7759 - 5.462 ms
::1 - GET /wa/scrm/webSocketConnect/info?userName=chentao&t=1675927228387 HTTP/1.1 200 7759 - 1.466 ms
::1 - GET /wa/scrm/webSocketConnect/730/2gjxg2nc/websocket?userName=chentao HTTP/1.1 404 968 - 7.129 ms
::1 - POST /wa/scrm/webSocketConnect/730/p4zxeoar/xhr_streaming?userName=chentao&t=1675927228418 HTTP/1.1 404 1023 - 2.556 ms
::1 - GET /wa/scrm/webSocketConnect/730/kk5ss3pt/eventsource?userName=chentao HTTP/1.1 404 968 - 5.175 ms
::1 - GET /wa/scrm/webSocketConnect/iframe.html?userName=chentao HTTP/1.1 404 968 - 6.541 ms
::1 - GET /stylesheets/style.css HTTP/1.1 404 968 - 5.493 ms
::1 - GET /wa/scrm/webSocketConnect/730/zu1v3wfo/htmlfile?userName=chentao&c=_jp.actu5dg HTTP/1.1 200 7759 - 1.664 ms
::1 - GET /wa/scrm/webSocketConnect/iframe.html?userName=chentao HTTP/1.1 404 968 - 4.808 ms
::1 - POST /wa/scrm/webSocketConnect/730/mxq3mmg2/xhr?userName=chentao&t=1675927229101 HTTP/1.1 404 1023 - 4.761 ms
::1 - GET /wa/scrm/webSocketConnect/iframe.html?userName=chentao HTTP/1.1 404 968 - 3.614 ms
::1 - GET /stylesheets/style.css HTTP/1.1 404 968 - 4.386 ms
::1 - GET /wa/scrm/webSocketConnect/730/51yalgsg/jsonp?userName=chentao&c=_jp.afscjrv HTTP/1.1 200 7759 - 0.914 ms
::1 - GET /wa/scrm/webSocketConnect/info?userName=chentao&t=1675927230603 HTTP/1.1 200 7759 - 2.759 ms
::1 - GET /wa/scrm/webSocketConnect/743/fe1q5kay/websocket?userName=chentao HTTP/1.1 404 968 - 5.965 ms
::1 - POST /wa/scrm/webSocketConnect/743/qhjvnvuc/xhr_streaming?userName=chentao&t=1675927230626 HTTP/1.1 404 1023 - 7.121 ms
::1 - GET /wa/scrm/webSocketConnect/743/0k40lult/eventsource?userName=chentao HTTP/1.1 404 968 - 2.976 ms
::1 - GET /wa/scrm/webSocketConnect/iframe.html?userName=chentao HTTP/1.1 404 968 - 7.457 ms
::1 - GET /stylesheets/style.css HTTP/1.1 404 968 - 5.310 ms
